<testsuite failures="3" name="src/test/java/examples/createproducts.feature" skipped="0" tests="3" time="21.657902">
  <testcase classname="src.test.java.examples.createproducts" name="product name: Demo2" time="7.262133">
    <failure message="createproducts.feature:9 - &#10;org.apache.http.conn.HttpHostConnectException: Connect to localhost:3030 [localhost/127.0.0.1, localhost/0:0:0:0:0:0:0:1] failed: Connection refused: connect">* url 'http://localhost:3030' ............................................. passed
Given path '/products' .................................................... passed
* request {name:Demo2, type:type2, price:1,shipping:1234567,upc:abc,description:demo description 1,manufacturer:manufacturer1,model:model1,url:url1,image:image1} . passed
When method POST .......................................................... failed

Stack Trace:
com.intuit.karate.exception.KarateException: createproducts.feature:9 - 
org.apache.http.conn.HttpHostConnectException: Connect to localhost:3030 [localhost/127.0.0.1, localhost/0:0:0:0:0:0:0:1] failed: Connection refused: connect&#13;
	at ✽.When method POST (createproducts.feature:9)&#13;

Then status 201 ........................................................... skipped
* def newProduct = response ............................................... skipped
* print 'the value in new product is :', newProudct ....................... skipped
And match newProduct contains {id:'#(newProduct.id)',name:'#(newProduct.name)'} . skipped
Given path '/products/'+newProduct.id ..................................... skipped
When method GET ........................................................... skipped
Then status 200 ........................................................... skipped
And match response contains {id:'#(newProduct.id)',name:'#(newProduct.name)'} . skipped</failure>
  </testcase>
  <testcase classname="src.test.java.examples.createproducts" name="product name: Demo3" time="7.187113">
    <failure message="createproducts.feature:9 - &#10;org.apache.http.conn.HttpHostConnectException: Connect to localhost:3030 [localhost/127.0.0.1, localhost/0:0:0:0:0:0:0:1] failed: Connection refused: connect">* url 'http://localhost:3030' ............................................. passed
Given path '/products' .................................................... passed
* request {name:Demo2, type:type2, price:1,shipping:1234567,upc:abc,description:demo description 1,manufacturer:manufacturer1,model:model1,url:url1,image:image1} . passed
When method POST .......................................................... failed

Stack Trace:
com.intuit.karate.exception.KarateException: createproducts.feature:9 - 
org.apache.http.conn.HttpHostConnectException: Connect to localhost:3030 [localhost/127.0.0.1, localhost/0:0:0:0:0:0:0:1] failed: Connection refused: connect&#13;
	at ✽.When method POST (createproducts.feature:9)&#13;

Then status 201 ........................................................... skipped
* def newProduct = response ............................................... skipped
* print 'the value in new product is :', newProudct ....................... skipped
And match newProduct contains {id:'#(newProduct.id)',name:'#(newProduct.name)'} . skipped
Given path '/products/'+newProduct.id ..................................... skipped
When method GET ........................................................... skipped
Then status 200 ........................................................... skipped
And match response contains {id:'#(newProduct.id)',name:'#(newProduct.name)'} . skipped
* url 'http://localhost:3030' ............................................. passed
Given path '/products' .................................................... passed
* request {name:Demo3, type:type3, price:2,shipping:1234568,upc:def,description:demo description 2,manufacturer:manufacturer2,model:model2,url:url2,image:image2} . passed
When method POST .......................................................... failed

Stack Trace:
com.intuit.karate.exception.KarateException: createproducts.feature:9 - 
org.apache.http.conn.HttpHostConnectException: Connect to localhost:3030 [localhost/127.0.0.1, localhost/0:0:0:0:0:0:0:1] failed: Connection refused: connect&#13;
	at ✽.When method POST (createproducts.feature:9)&#13;

Then status 201 ........................................................... skipped
* def newProduct = response ............................................... skipped
* print 'the value in new product is :', newProudct ....................... skipped
And match newProduct contains {id:'#(newProduct.id)',name:'#(newProduct.name)'} . skipped
Given path '/products/'+newProduct.id ..................................... skipped
When method GET ........................................................... skipped
Then status 200 ........................................................... skipped
And match response contains {id:'#(newProduct.id)',name:'#(newProduct.name)'} . skipped</failure>
  </testcase>
  <testcase classname="src.test.java.examples.createproducts" name="product name: Demo4" time="7.208656">
    <failure message="createproducts.feature:9 - &#10;org.apache.http.conn.HttpHostConnectException: Connect to localhost:3030 [localhost/127.0.0.1, localhost/0:0:0:0:0:0:0:1] failed: Connection refused: connect">* url 'http://localhost:3030' ............................................. passed
Given path '/products' .................................................... passed
* request {name:Demo2, type:type2, price:1,shipping:1234567,upc:abc,description:demo description 1,manufacturer:manufacturer1,model:model1,url:url1,image:image1} . passed
When method POST .......................................................... failed

Stack Trace:
com.intuit.karate.exception.KarateException: createproducts.feature:9 - 
org.apache.http.conn.HttpHostConnectException: Connect to localhost:3030 [localhost/127.0.0.1, localhost/0:0:0:0:0:0:0:1] failed: Connection refused: connect&#13;
	at ✽.When method POST (createproducts.feature:9)&#13;

Then status 201 ........................................................... skipped
* def newProduct = response ............................................... skipped
* print 'the value in new product is :', newProudct ....................... skipped
And match newProduct contains {id:'#(newProduct.id)',name:'#(newProduct.name)'} . skipped
Given path '/products/'+newProduct.id ..................................... skipped
When method GET ........................................................... skipped
Then status 200 ........................................................... skipped
And match response contains {id:'#(newProduct.id)',name:'#(newProduct.name)'} . skipped
* url 'http://localhost:3030' ............................................. passed
Given path '/products' .................................................... passed
* request {name:Demo3, type:type3, price:2,shipping:1234568,upc:def,description:demo description 2,manufacturer:manufacturer2,model:model2,url:url2,image:image2} . passed
When method POST .......................................................... failed

Stack Trace:
com.intuit.karate.exception.KarateException: createproducts.feature:9 - 
org.apache.http.conn.HttpHostConnectException: Connect to localhost:3030 [localhost/127.0.0.1, localhost/0:0:0:0:0:0:0:1] failed: Connection refused: connect&#13;
	at ✽.When method POST (createproducts.feature:9)&#13;

Then status 201 ........................................................... skipped
* def newProduct = response ............................................... skipped
* print 'the value in new product is :', newProudct ....................... skipped
And match newProduct contains {id:'#(newProduct.id)',name:'#(newProduct.name)'} . skipped
Given path '/products/'+newProduct.id ..................................... skipped
When method GET ........................................................... skipped
Then status 200 ........................................................... skipped
And match response contains {id:'#(newProduct.id)',name:'#(newProduct.name)'} . skipped
* url 'http://localhost:3030' ............................................. passed
Given path '/products' .................................................... passed
* request {name:Demo4, type:type4, price:3,shipping:1234569,upc:ghi,description:demo description 3,manufacturer:manufacturer3,model:model3,url:url3,image:image3} . passed
When method POST .......................................................... failed

Stack Trace:
com.intuit.karate.exception.KarateException: createproducts.feature:9 - 
org.apache.http.conn.HttpHostConnectException: Connect to localhost:3030 [localhost/127.0.0.1, localhost/0:0:0:0:0:0:0:1] failed: Connection refused: connect&#13;
	at ✽.When method POST (createproducts.feature:9)&#13;

Then status 201 ........................................................... skipped
* def newProduct = response ............................................... skipped
* print 'the value in new product is :', newProudct ....................... skipped
And match newProduct contains {id:'#(newProduct.id)',name:'#(newProduct.name)'} . skipped
Given path '/products/'+newProduct.id ..................................... skipped
When method GET ........................................................... skipped
Then status 200 ........................................................... skipped
And match response contains {id:'#(newProduct.id)',name:'#(newProduct.name)'} . skipped</failure>
  </testcase>
</testsuite>
