<?xml version="1.0" encoding="UTF-8" ?>
<testsuite tests="1" failures="1" name="examples.MirrorTest" time="35.828" errors="0" skipped="0">
  <properties>
[...]
</properties>
  <testcase classname="examples.MirrorTest" name="testParallel" time="35.718">
    <failure message="failed features:
src.test.java.examples.createproducts: [1.1:6] createproducts.feature:9 - 
org.apache.http.conn.HttpHostConnectException: Connect to localhost:3030 [localhost/127.0.0.1, localhost/0:0:0:0:0:0:0:1] failed: Connection refused: connect
[1.2:6] createproducts.feature:9 - 
org.apache.http.conn.HttpHostConnectException: Connect to localhost:3030 [localhost/127.0.0.1, localhost/0:0:0:0:0:0:0:1] failed: Connection refused: connect
[1.3:6] createproducts.feature:9 - 
org.apache.http.conn.HttpHostConnectException: Connect to localhost:3030 [localhost/127.0.0.1, localhost/0:0:0:0:0:0:0:1] failed: Connection refused: connect
src.test.java.examples.users.users: users.feature:15 - 
java.net.SocketTimeoutException: Read timed out
users.feature:38 - 
java.net.SocketTimeoutException: Read timed out
" type="java.lang.AssertionError">java.lang.AssertionError: failed features:
src.test.java.examples.createproducts: [1.1:6] createproducts.feature:9 - 
org.apache.http.conn.HttpHostConnectException: Connect to localhost:3030 [localhost/127.0.0.1, localhost/0:0:0:0:0:0:0:1] failed: Connection refused: connect
[1.2:6] createproducts.feature:9 - 
org.apache.http.conn.HttpHostConnectException: Connect to localhost:3030 [localhost/127.0.0.1, localhost/0:0:0:0:0:0:0:1] failed: Connection refused: connect
[1.3:6] createproducts.feature:9 - 
org.apache.http.conn.HttpHostConnectException: Connect to localhost:3030 [localhost/127.0.0.1, localhost/0:0:0:0:0:0:0:1] failed: Connection refused: connect
src.test.java.examples.users.users: users.feature:15 - 
java.net.SocketTimeoutException: Read timed out
users.feature:38 - 
java.net.SocketTimeoutException: Read timed out

	at org.junit.Assert.fail(Assert.java:88)
	at org.junit.Assert.assertTrue(Assert.java:41)
	at examples.MirrorTest.testParallel(MirrorTest.java:26)
	at sun.reflect.NativeMethodAccessorImpl.invoke0(Native Method)
	at sun.reflect.NativeMethodAccessorImpl.invoke(NativeMethodAccessorImpl.java:62)
	at sun.reflect.DelegatingMethodAccessorImpl.invoke(DelegatingMethodAccessorImpl.java:43)
	at java.lang.reflect.Method.invoke(Method.java:498)
	at org.junit.runners.model.FrameworkMethod$1.runReflectiveCall(FrameworkMethod.java:50)
	at org.junit.internal.runners.model.ReflectiveCallable.run(ReflectiveCallable.java:12)
	at org.junit.runners.model.FrameworkMethod.invokeExplosively(FrameworkMethod.java:47)
	at org.junit.internal.runners.statements.InvokeMethod.evaluate(InvokeMethod.java:17)
	at org.junit.runners.ParentRunner.runLeaf(ParentRunner.java:325)
	at org.junit.runners.BlockJUnit4ClassRunner.runChild(BlockJUnit4ClassRunner.java:78)
	at org.junit.runners.BlockJUnit4ClassRunner.runChild(BlockJUnit4ClassRunner.java:57)
	at org.junit.runners.ParentRunner$3.run(ParentRunner.java:290)
	at org.junit.runners.ParentRunner$1.schedule(ParentRunner.java:71)
	at org.junit.runners.ParentRunner.runChildren(ParentRunner.java:288)
	at org.junit.runners.ParentRunner.access$000(ParentRunner.java:58)
	at org.junit.runners.ParentRunner$2.evaluate(ParentRunner.java:268)
	at org.junit.runners.ParentRunner.run(ParentRunner.java:363)
	at org.apache.maven.surefire.junit4.JUnit4TestSet.execute(JUnit4TestSet.java:53)
	at org.apache.maven.surefire.junit4.JUnit4Provider.executeTestSet(JUnit4Provider.java:123)
	at org.apache.maven.surefire.junit4.JUnit4Provider.invoke(JUnit4Provider.java:104)
	at sun.reflect.NativeMethodAccessorImpl.invoke0(Native Method)
	at sun.reflect.NativeMethodAccessorImpl.invoke(NativeMethodAccessorImpl.java:62)
	at sun.reflect.DelegatingMethodAccessorImpl.invoke(DelegatingMethodAccessorImpl.java:43)
	at java.lang.reflect.Method.invoke(Method.java:498)
	at org.apache.maven.surefire.util.ReflectionUtils.invokeMethodWithArray(ReflectionUtils.java:164)
	at org.apache.maven.surefire.booter.ProviderFactory$ProviderProxy.invoke(ProviderFactory.java:110)
	at org.apache.maven.surefire.booter.SurefireStarter.invokeProvider(SurefireStarter.java:175)
	at org.apache.maven.surefire.booter.SurefireStarter.runSuitesInProcessWhenForked(SurefireStarter.java:107)
	at org.apache.maven.surefire.booter.ForkedBooter.main(ForkedBooter.java:68)
</failure>
    <system-out>17:43:55.532 [main] INFO  com.intuit.karate.Runner - waiting for parallel features to complete ...
17:43:55.745 [pool-1-thread-4] INFO  com.intuit.karate - karate.env system property was:  
17:43:55.751 [ForkJoinPool-1-worker-26340] INFO  com.intuit.karate - karate.env system property was:  
17:43:55.752 [ForkJoinPool-1-worker-24733] INFO  com.intuit.karate - karate.env system property was:  
17:43:55.753 [pool-1-thread-3] INFO  com.intuit.karate - karate.env system property was:  
17:43:55.752 [ForkJoinPool-1-worker-29554] INFO  com.intuit.karate - karate.env system property was:  
17:43:55.756 [ForkJoinPool-1-worker-31161] INFO  com.intuit.karate - karate.env system property was:  
17:43:55.758 [ForkJoinPool-1-worker-27947] INFO  com.intuit.karate - karate.env system property was:  
17:43:55.769 [pool-1-thread-1] INFO  com.intuit.karate - karate.env system property was:  
17:43:59.087 [ForkJoinPool-1-worker-24733] DEBUG com.intuit.karate - request:
1 &gt; GET https://jsonplaceholder.typicode.com/users
1 &gt; Accept-Encoding: gzip,deflate
1 &gt; Connection: Keep-Alive
1 &gt; Host: jsonplaceholder.typicode.com
1 &gt; User-Agent: Apache-HttpClient/4.5.11 (Java/1.8.0_181)

17:43:59.087 [pool-1-thread-4] DEBUG com.intuit.karate - request:
1 &gt; GET https://gorest.co.in/public-api/users?first_name=john
1 &gt; Accept-Encoding: gzip,deflate
1 &gt; Authorization: HlJnuc-t_wg1W1RGYs6-hKhVcxdkMvbjana8
1 &gt; Connection: Keep-Alive
1 &gt; Host: gorest.co.in
1 &gt; User-Agent: Apache-HttpClient/4.5.11 (Java/1.8.0_181)

17:43:59.090 [ForkJoinPool-1-worker-29554] DEBUG com.intuit.karate - request:
1 &gt; GET https://jsonplaceholder.typicode.com/users
1 &gt; Accept-Encoding: gzip,deflate
1 &gt; Connection: Keep-Alive
1 &gt; Host: jsonplaceholder.typicode.com
1 &gt; User-Agent: Apache-HttpClient/4.5.11 (Java/1.8.0_181)

17:43:59.091 [pool-1-thread-3] DEBUG com.intuit.karate - request:
1 &gt; GET https://mirror.attinadsoftware.com
1 &gt; Accept-Encoding: gzip,deflate
1 &gt; Connection: Keep-Alive
1 &gt; Host: mirror.attinadsoftware.com
1 &gt; User-Agent: Apache-HttpClient/4.5.11 (Java/1.8.0_181)

17:43:59.092 [ForkJoinPool-1-worker-27947] DEBUG com.intuit.karate - request:
1 &gt; GET https://restcountries.eu/rest/v2/all
1 &gt; Accept: application/json
1 &gt; Accept-Encoding: gzip,deflate
1 &gt; Connection: Keep-Alive
1 &gt; Host: restcountries.eu
1 &gt; User-Agent: Apache-HttpClient/4.5.11 (Java/1.8.0_181)

17:43:59.094 [ForkJoinPool-1-worker-26340] DEBUG com.intuit.karate - request:
1 &gt; POST https://jsonplaceholder.typicode.com/users
1 &gt; Accept-Encoding: gzip,deflate
1 &gt; Connection: Keep-Alive
1 &gt; Content-Length: 160
1 &gt; Content-Type: application/json; charset=UTF-8
1 &gt; Host: jsonplaceholder.typicode.com
1 &gt; User-Agent: Apache-HttpClient/4.5.11 (Java/1.8.0_181)
{&quot;name&quot;:&quot;Test User&quot;,&quot;username&quot;:&quot;testuser&quot;,&quot;email&quot;:&quot;test@user.com&quot;,&quot;address&quot;:{&quot;street&quot;:&quot;Has No Name&quot;,&quot;suite&quot;:&quot;Apt. 123&quot;,&quot;city&quot;:&quot;Electri&quot;,&quot;zipcode&quot;:&quot;54321-6789&quot;}}

17:43:59.094 [ForkJoinPool-1-worker-21519] DEBUG com.intuit.karate - request:
1 &gt; POST http://localhost:3030/products
1 &gt; Accept-Encoding: gzip,deflate
1 &gt; Connection: Keep-Alive
1 &gt; Content-Length: 185
1 &gt; Content-Type: application/json; charset=UTF-8
1 &gt; Host: localhost:3030
1 &gt; User-Agent: Apache-HttpClient/4.5.11 (Java/1.8.0_181)
{&quot;name&quot;:&quot;Demo3&quot;,&quot;type&quot;:&quot;type3&quot;,&quot;price&quot;:2,&quot;shipping&quot;:1234568,&quot;upc&quot;:&quot;def&quot;,&quot;description&quot;:&quot;demo description 2&quot;,&quot;manufacturer&quot;:&quot;manufacturer2&quot;,&quot;model&quot;:&quot;model2&quot;,&quot;url&quot;:&quot;url2&quot;,&quot;image&quot;:&quot;image2&quot;}

17:43:59.096 [ForkJoinPool-1-worker-31161] DEBUG com.intuit.karate - request:
1 &gt; POST https://jsonplaceholder.typicode.com/users
1 &gt; Accept-Encoding: gzip,deflate
1 &gt; Connection: Keep-Alive
1 &gt; Content-Length: 160
1 &gt; Content-Type: application/json; charset=UTF-8
1 &gt; Host: jsonplaceholder.typicode.com
1 &gt; User-Agent: Apache-HttpClient/4.5.11 (Java/1.8.0_181)
{&quot;name&quot;:&quot;Test User&quot;,&quot;username&quot;:&quot;testuser&quot;,&quot;email&quot;:&quot;test@user.com&quot;,&quot;address&quot;:{&quot;street&quot;:&quot;Has No Name&quot;,&quot;suite&quot;:&quot;Apt. 123&quot;,&quot;city&quot;:&quot;Electri&quot;,&quot;zipcode&quot;:&quot;54321-6789&quot;}}

17:43:59.096 [ForkJoinPool-1-worker-16698] DEBUG com.intuit.karate - request:
1 &gt; POST http://localhost:3030/products
1 &gt; Accept-Encoding: gzip,deflate
1 &gt; Connection: Keep-Alive
1 &gt; Content-Length: 185
1 &gt; Content-Type: application/json; charset=UTF-8
1 &gt; Host: localhost:3030
1 &gt; User-Agent: Apache-HttpClient/4.5.11 (Java/1.8.0_181)
{&quot;name&quot;:&quot;Demo4&quot;,&quot;type&quot;:&quot;type4&quot;,&quot;price&quot;:3,&quot;shipping&quot;:1234569,&quot;upc&quot;:&quot;ghi&quot;,&quot;description&quot;:&quot;demo description 3&quot;,&quot;manufacturer&quot;:&quot;manufacturer3&quot;,&quot;model&quot;:&quot;model3&quot;,&quot;url&quot;:&quot;url3&quot;,&quot;image&quot;:&quot;image3&quot;}

17:43:59.100 [ForkJoinPool-1-worker-23126] DEBUG com.intuit.karate - request:
1 &gt; POST http://localhost:3030/products
1 &gt; Accept-Encoding: gzip,deflate
1 &gt; Connection: Keep-Alive
1 &gt; Content-Length: 185
1 &gt; Content-Type: application/json; charset=UTF-8
1 &gt; Host: localhost:3030
1 &gt; User-Agent: Apache-HttpClient/4.5.11 (Java/1.8.0_181)
{&quot;name&quot;:&quot;Demo2&quot;,&quot;type&quot;:&quot;type2&quot;,&quot;price&quot;:1,&quot;shipping&quot;:1234567,&quot;upc&quot;:&quot;abc&quot;,&quot;description&quot;:&quot;demo description 1&quot;,&quot;manufacturer&quot;:&quot;manufacturer1&quot;,&quot;model&quot;:&quot;model1&quot;,&quot;url&quot;:&quot;url1&quot;,&quot;image&quot;:&quot;image1&quot;}

17:43:59.574 [ForkJoinPool-1-worker-24733] DEBUG com.intuit.karate - response time in milliseconds: 482.45
1 &lt; 200
1 &lt; Access-Control-Allow-Credentials: true
1 &lt; Age: 1840
1 &lt; CF-Cache-Status: HIT
1 &lt; CF-RAY: 59b9eacb8a0ee58b-MAN
1 &lt; Cache-Control: max-age=14400
1 &lt; Connection: keep-alive
1 &lt; Content-Type: application/json; charset=utf-8
1 &lt; Date: Sat, 30 May 2020 16:43:58 GMT
1 &lt; Etag: W/&quot;160d-1eMSsxeJRfnVLRBmYJSbCiJZ1qQ&quot;
1 &lt; Expect-CT: max-age=604800, report-uri=&quot;https://report-uri.cloudflare.com/cdn-cgi/beacon/expect-ct&quot;
1 &lt; Expires: -1
1 &lt; Pragma: no-cache
1 &lt; Server: cloudflare
1 &lt; Set-Cookie: __cfduid=d8d974e25199399c0cd0d12f0e9f8e8301590857038; expires=Mon, 29-Jun-20 16:43:58 GMT; path=/; domain=.typicode.com; HttpOnly; SameSite=Lax
1 &lt; Transfer-Encoding: chunked
1 &lt; Vary: Origin, Accept-Encoding
1 &lt; Via: 1.1 vegur
1 &lt; X-Content-Type-Options: nosniff
1 &lt; X-Powered-By: Express
1 &lt; cf-request-id: 03081113340000e58b7a18c200000001
[
  {
    &quot;id&quot;: 1,
    &quot;name&quot;: &quot;Leanne Graham&quot;,
    &quot;username&quot;: &quot;Bret&quot;,
    &quot;email&quot;: &quot;Sincere@april.biz&quot;,
    &quot;address&quot;: {
      &quot;street&quot;: &quot;Kulas Light&quot;,
      &quot;suite&quot;: &quot;Apt. 556&quot;,
      &quot;city&quot;: &quot;Gwenborough&quot;,
      &quot;zipcode&quot;: &quot;92998-3874&quot;,
      &quot;geo&quot;: {
        &quot;lat&quot;: &quot;-37.3159&quot;,
        &quot;lng&quot;: &quot;81.1496&quot;
      }
    },
    &quot;phone&quot;: &quot;1-770-736-8031 x56442&quot;,
    &quot;website&quot;: &quot;hildegard.org&quot;,
    &quot;company&quot;: {
      &quot;name&quot;: &quot;Romaguera-Crona&quot;,
      &quot;catchPhrase&quot;: &quot;Multi-layered client-server neural-net&quot;,
      &quot;bs&quot;: &quot;harness real-time e-markets&quot;
    }
  },
  {
    &quot;id&quot;: 2,
    &quot;name&quot;: &quot;Ervin Howell&quot;,
    &quot;username&quot;: &quot;Antonette&quot;,
    &quot;email&quot;: &quot;Shanna@melissa.tv&quot;,
    &quot;address&quot;: {
      &quot;street&quot;: &quot;Victor Plains&quot;,
      &quot;suite&quot;: &quot;Suite 879&quot;,
      &quot;city&quot;: &quot;Wisokyburgh&quot;,
      &quot;zipcode&quot;: &quot;90566-7771&quot;,
      &quot;geo&quot;: {
        &quot;lat&quot;: &quot;-43.9509&quot;,
        &quot;lng&quot;: &quot;-34.4618&quot;
      }
    },
    &quot;phone&quot;: &quot;010-692-6593 x09125&quot;,
    &quot;website&quot;: &quot;anastasia.net&quot;,
    &quot;company&quot;: {
      &quot;name&quot;: &quot;Deckow-Crist&quot;,
      &quot;catchPhrase&quot;: &quot;Proactive didactic contingency&quot;,
      &quot;bs&quot;: &quot;synergize scalable supply-chains&quot;
    }
  },
  {
    &quot;id&quot;: 3,
    &quot;name&quot;: &quot;Clementine Bauch&quot;,
    &quot;username&quot;: &quot;Samantha&quot;,
    &quot;email&quot;: &quot;Nathan@yesenia.net&quot;,
    &quot;address&quot;: {
      &quot;street&quot;: &quot;Douglas Extension&quot;,
      &quot;suite&quot;: &quot;Suite 847&quot;,
      &quot;city&quot;: &quot;McKenziehaven&quot;,
      &quot;zipcode&quot;: &quot;59590-4157&quot;,
      &quot;geo&quot;: {
        &quot;lat&quot;: &quot;-68.6102&quot;,
        &quot;lng&quot;: &quot;-47.0653&quot;
      }
    },
    &quot;phone&quot;: &quot;1-463-123-4447&quot;,
    &quot;website&quot;: &quot;ramiro.info&quot;,
    &quot;company&quot;: {
      &quot;name&quot;: &quot;Romaguera-Jacobson&quot;,
      &quot;catchPhrase&quot;: &quot;Face to face bifurcated interface&quot;,
      &quot;bs&quot;: &quot;e-enable strategic applications&quot;
    }
  },
  {
    &quot;id&quot;: 4,
    &quot;name&quot;: &quot;Patricia Lebsack&quot;,
    &quot;username&quot;: &quot;Karianne&quot;,
    &quot;email&quot;: &quot;Julianne.OConner@kory.org&quot;,
    &quot;address&quot;: {
      &quot;street&quot;: &quot;Hoeger Mall&quot;,
      &quot;suite&quot;: &quot;Apt. 692&quot;,
      &quot;city&quot;: &quot;South Elvis&quot;,
      &quot;zipcode&quot;: &quot;53919-4257&quot;,
      &quot;geo&quot;: {
        &quot;lat&quot;: &quot;29.4572&quot;,
        &quot;lng&quot;: &quot;-164.2990&quot;
      }
    },
    &quot;phone&quot;: &quot;493-170-9623 x156&quot;,
    &quot;website&quot;: &quot;kale.biz&quot;,
    &quot;company&quot;: {
      &quot;name&quot;: &quot;Robel-Corkery&quot;,
      &quot;catchPhrase&quot;: &quot;Multi-tiered zero tolerance productivity&quot;,
      &quot;bs&quot;: &quot;transition cutting-edge web services&quot;
    }
  },
  {
    &quot;id&quot;: 5,
    &quot;name&quot;: &quot;Chelsey Dietrich&quot;,
    &quot;username&quot;: &quot;Kamren&quot;,
    &quot;email&quot;: &quot;Lucio_Hettinger@annie.ca&quot;,
    &quot;address&quot;: {
      &quot;street&quot;: &quot;Skiles Walks&quot;,
      &quot;suite&quot;: &quot;Suite 351&quot;,
      &quot;city&quot;: &quot;Roscoeview&quot;,
      &quot;zipcode&quot;: &quot;33263&quot;,
      &quot;geo&quot;: {
        &quot;lat&quot;: &quot;-31.8129&quot;,
        &quot;lng&quot;: &quot;62.5342&quot;
      }
    },
    &quot;phone&quot;: &quot;(254)954-1289&quot;,
    &quot;website&quot;: &quot;demarco.info&quot;,
    &quot;company&quot;: {
      &quot;name&quot;: &quot;Keebler LLC&quot;,
      &quot;catchPhrase&quot;: &quot;User-centric fault-tolerant solution&quot;,
      &quot;bs&quot;: &quot;revolutionize end-to-end systems&quot;
    }
  },
  {
    &quot;id&quot;: 6,
    &quot;name&quot;: &quot;Mrs. Dennis Schulist&quot;,
    &quot;username&quot;: &quot;Leopoldo_Corkery&quot;,
    &quot;email&quot;: &quot;Karley_Dach@jasper.info&quot;,
    &quot;address&quot;: {
      &quot;street&quot;: &quot;Norberto Crossing&quot;,
      &quot;suite&quot;: &quot;Apt. 950&quot;,
      &quot;city&quot;: &quot;South Christy&quot;,
      &quot;zipcode&quot;: &quot;23505-1337&quot;,
      &quot;geo&quot;: {
        &quot;lat&quot;: &quot;-71.4197&quot;,
        &quot;lng&quot;: &quot;71.7478&quot;
      }
    },
    &quot;phone&quot;: &quot;1-477-935-8478 x6430&quot;,
    &quot;website&quot;: &quot;ola.org&quot;,
    &quot;company&quot;: {
      &quot;name&quot;: &quot;Considine-Lockman&quot;,
      &quot;catchPhrase&quot;: &quot;Synchronised bottom-line interface&quot;,
      &quot;bs&quot;: &quot;e-enable innovative applications&quot;
    }
  },
  {
    &quot;id&quot;: 7,
    &quot;name&quot;: &quot;Kurtis Weissnat&quot;,
    &quot;username&quot;: &quot;Elwyn.Skiles&quot;,
    &quot;email&quot;: &quot;Telly.Hoeger@billy.biz&quot;,
    &quot;address&quot;: {
      &quot;street&quot;: &quot;Rex Trail&quot;,
      &quot;suite&quot;: &quot;Suite 280&quot;,
      &quot;city&quot;: &quot;Howemouth&quot;,
      &quot;zipcode&quot;: &quot;58804-1099&quot;,
      &quot;geo&quot;: {
        &quot;lat&quot;: &quot;24.8918&quot;,
        &quot;lng&quot;: &quot;21.8984&quot;
      }
    },
    &quot;phone&quot;: &quot;210.067.6132&quot;,
    &quot;website&quot;: &quot;elvis.io&quot;,
    &quot;company&quot;: {
      &quot;name&quot;: &quot;Johns Group&quot;,
      &quot;catchPhrase&quot;: &quot;Configurable multimedia task-force&quot;,
      &quot;bs&quot;: &quot;generate enterprise e-tailers&quot;
    }
  },
  {
    &quot;id&quot;: 8,
    &quot;name&quot;: &quot;Nicholas Runolfsdottir V&quot;,
    &quot;username&quot;: &quot;Maxime_Nienow&quot;,
    &quot;email&quot;: &quot;Sherwood@rosamond.me&quot;,
    &quot;address&quot;: {
      &quot;street&quot;: &quot;Ellsworth Summit&quot;,
      &quot;suite&quot;: &quot;Suite 729&quot;,
      &quot;city&quot;: &quot;Aliyaview&quot;,
      &quot;zipcode&quot;: &quot;45169&quot;,
      &quot;geo&quot;: {
        &quot;lat&quot;: &quot;-14.3990&quot;,
        &quot;lng&quot;: &quot;-120.7677&quot;
      }
    },
    &quot;phone&quot;: &quot;586.493.6943 x140&quot;,
    &quot;website&quot;: &quot;jacynthe.com&quot;,
    &quot;company&quot;: {
      &quot;name&quot;: &quot;Abernathy Group&quot;,
      &quot;catchPhrase&quot;: &quot;Implemented secondary concept&quot;,
      &quot;bs&quot;: &quot;e-enable extensible e-tailers&quot;
    }
  },
  {
    &quot;id&quot;: 9,
    &quot;name&quot;: &quot;Glenna Reichert&quot;,
    &quot;username&quot;: &quot;Delphine&quot;,
    &quot;email&quot;: &quot;Chaim_McDermott@dana.io&quot;,
    &quot;address&quot;: {
      &quot;street&quot;: &quot;Dayna Park&quot;,
      &quot;suite&quot;: &quot;Suite 449&quot;,
      &quot;city&quot;: &quot;Bartholomebury&quot;,
      &quot;zipcode&quot;: &quot;76495-3109&quot;,
      &quot;geo&quot;: {
        &quot;lat&quot;: &quot;24.6463&quot;,
        &quot;lng&quot;: &quot;-168.8889&quot;
      }
    },
    &quot;phone&quot;: &quot;(775)976-6794 x41206&quot;,
    &quot;website&quot;: &quot;conrad.com&quot;,
    &quot;company&quot;: {
      &quot;name&quot;: &quot;Yost and Sons&quot;,
      &quot;catchPhrase&quot;: &quot;Switchable contextually-based project&quot;,
      &quot;bs&quot;: &quot;aggregate real-time technologies&quot;
    }
  },
  {
    &quot;id&quot;: 10,
    &quot;name&quot;: &quot;Clementina DuBuque&quot;,
    &quot;username&quot;: &quot;Moriah.Stanton&quot;,
    &quot;email&quot;: &quot;Rey.Padberg@karina.biz&quot;,
    &quot;address&quot;: {
      &quot;street&quot;: &quot;Kattie Turnpike&quot;,
      &quot;suite&quot;: &quot;Suite 198&quot;,
      &quot;city&quot;: &quot;Lebsackbury&quot;,
      &quot;zipcode&quot;: &quot;31428-2261&quot;,
      &quot;geo&quot;: {
        &quot;lat&quot;: &quot;-38.2386&quot;,
        &quot;lng&quot;: &quot;57.2232&quot;
      }
    },
    &quot;phone&quot;: &quot;024-648-3804&quot;,
    &quot;website&quot;: &quot;ambrose.net&quot;,
    &quot;company&quot;: {
      &quot;name&quot;: &quot;Hoeger LLC&quot;,
      &quot;catchPhrase&quot;: &quot;Centralized empowering task-force&quot;,
      &quot;bs&quot;: &quot;target end-to-end models&quot;
    }
  }
]

17:43:59.574 [ForkJoinPool-1-worker-29554] DEBUG com.intuit.karate - response time in milliseconds: 479.69
1 &lt; 200
1 &lt; Access-Control-Allow-Credentials: true
1 &lt; Age: 1840
1 &lt; CF-Cache-Status: HIT
1 &lt; CF-RAY: 59b9eacb8a0ae58b-MAN
1 &lt; Cache-Control: max-age=14400
1 &lt; Connection: keep-alive
1 &lt; Content-Type: application/json; charset=utf-8
1 &lt; Date: Sat, 30 May 2020 16:43:58 GMT
1 &lt; Etag: W/&quot;160d-1eMSsxeJRfnVLRBmYJSbCiJZ1qQ&quot;
1 &lt; Expect-CT: max-age=604800, report-uri=&quot;https://report-uri.cloudflare.com/cdn-cgi/beacon/expect-ct&quot;
1 &lt; Expires: -1
1 &lt; Pragma: no-cache
1 &lt; Server: cloudflare
1 &lt; Set-Cookie: __cfduid=d8d974e25199399c0cd0d12f0e9f8e8301590857038; expires=Mon, 29-Jun-20 16:43:58 GMT; path=/; domain=.typicode.com; HttpOnly; SameSite=Lax
1 &lt; Transfer-Encoding: chunked
1 &lt; Vary: Origin, Accept-Encoding
1 &lt; Via: 1.1 vegur
1 &lt; X-Content-Type-Options: nosniff
1 &lt; X-Powered-By: Express
1 &lt; cf-request-id: 03081113330000e58b7b3c2200000001
[
  {
    &quot;id&quot;: 1,
    &quot;name&quot;: &quot;Leanne Graham&quot;,
    &quot;username&quot;: &quot;Bret&quot;,
    &quot;email&quot;: &quot;Sincere@april.biz&quot;,
    &quot;address&quot;: {
      &quot;street&quot;: &quot;Kulas Light&quot;,
      &quot;suite&quot;: &quot;Apt. 556&quot;,
      &quot;city&quot;: &quot;Gwenborough&quot;,
      &quot;zipcode&quot;: &quot;92998-3874&quot;,
      &quot;geo&quot;: {
        &quot;lat&quot;: &quot;-37.3159&quot;,
        &quot;lng&quot;: &quot;81.1496&quot;
      }
    },
    &quot;phone&quot;: &quot;1-770-736-8031 x56442&quot;,
    &quot;website&quot;: &quot;hildegard.org&quot;,
    &quot;company&quot;: {
      &quot;name&quot;: &quot;Romaguera-Crona&quot;,
      &quot;catchPhrase&quot;: &quot;Multi-layered client-server neural-net&quot;,
      &quot;bs&quot;: &quot;harness real-time e-markets&quot;
    }
  },
  {
    &quot;id&quot;: 2,
    &quot;name&quot;: &quot;Ervin Howell&quot;,
    &quot;username&quot;: &quot;Antonette&quot;,
    &quot;email&quot;: &quot;Shanna@melissa.tv&quot;,
    &quot;address&quot;: {
      &quot;street&quot;: &quot;Victor Plains&quot;,
      &quot;suite&quot;: &quot;Suite 879&quot;,
      &quot;city&quot;: &quot;Wisokyburgh&quot;,
      &quot;zipcode&quot;: &quot;90566-7771&quot;,
      &quot;geo&quot;: {
        &quot;lat&quot;: &quot;-43.9509&quot;,
        &quot;lng&quot;: &quot;-34.4618&quot;
      }
    },
    &quot;phone&quot;: &quot;010-692-6593 x09125&quot;,
    &quot;website&quot;: &quot;anastasia.net&quot;,
    &quot;company&quot;: {
      &quot;name&quot;: &quot;Deckow-Crist&quot;,
      &quot;catchPhrase&quot;: &quot;Proactive didactic contingency&quot;,
      &quot;bs&quot;: &quot;synergize scalable supply-chains&quot;
    }
  },
  {
    &quot;id&quot;: 3,
    &quot;name&quot;: &quot;Clementine Bauch&quot;,
    &quot;username&quot;: &quot;Samantha&quot;,
    &quot;email&quot;: &quot;Nathan@yesenia.net&quot;,
    &quot;address&quot;: {
      &quot;street&quot;: &quot;Douglas Extension&quot;,
      &quot;suite&quot;: &quot;Suite 847&quot;,
      &quot;city&quot;: &quot;McKenziehaven&quot;,
      &quot;zipcode&quot;: &quot;59590-4157&quot;,
      &quot;geo&quot;: {
        &quot;lat&quot;: &quot;-68.6102&quot;,
        &quot;lng&quot;: &quot;-47.0653&quot;
      }
    },
    &quot;phone&quot;: &quot;1-463-123-4447&quot;,
    &quot;website&quot;: &quot;ramiro.info&quot;,
    &quot;company&quot;: {
      &quot;name&quot;: &quot;Romaguera-Jacobson&quot;,
      &quot;catchPhrase&quot;: &quot;Face to face bifurcated interface&quot;,
      &quot;bs&quot;: &quot;e-enable strategic applications&quot;
    }
  },
  {
    &quot;id&quot;: 4,
    &quot;name&quot;: &quot;Patricia Lebsack&quot;,
    &quot;username&quot;: &quot;Karianne&quot;,
    &quot;email&quot;: &quot;Julianne.OConner@kory.org&quot;,
    &quot;address&quot;: {
      &quot;street&quot;: &quot;Hoeger Mall&quot;,
      &quot;suite&quot;: &quot;Apt. 692&quot;,
      &quot;city&quot;: &quot;South Elvis&quot;,
      &quot;zipcode&quot;: &quot;53919-4257&quot;,
      &quot;geo&quot;: {
        &quot;lat&quot;: &quot;29.4572&quot;,
        &quot;lng&quot;: &quot;-164.2990&quot;
      }
    },
    &quot;phone&quot;: &quot;493-170-9623 x156&quot;,
    &quot;website&quot;: &quot;kale.biz&quot;,
    &quot;company&quot;: {
      &quot;name&quot;: &quot;Robel-Corkery&quot;,
      &quot;catchPhrase&quot;: &quot;Multi-tiered zero tolerance productivity&quot;,
      &quot;bs&quot;: &quot;transition cutting-edge web services&quot;
    }
  },
  {
    &quot;id&quot;: 5,
    &quot;name&quot;: &quot;Chelsey Dietrich&quot;,
    &quot;username&quot;: &quot;Kamren&quot;,
    &quot;email&quot;: &quot;Lucio_Hettinger@annie.ca&quot;,
    &quot;address&quot;: {
      &quot;street&quot;: &quot;Skiles Walks&quot;,
      &quot;suite&quot;: &quot;Suite 351&quot;,
      &quot;city&quot;: &quot;Roscoeview&quot;,
      &quot;zipcode&quot;: &quot;33263&quot;,
      &quot;geo&quot;: {
        &quot;lat&quot;: &quot;-31.8129&quot;,
        &quot;lng&quot;: &quot;62.5342&quot;
      }
    },
    &quot;phone&quot;: &quot;(254)954-1289&quot;,
    &quot;website&quot;: &quot;demarco.info&quot;,
    &quot;company&quot;: {
      &quot;name&quot;: &quot;Keebler LLC&quot;,
      &quot;catchPhrase&quot;: &quot;User-centric fault-tolerant solution&quot;,
      &quot;bs&quot;: &quot;revolutionize end-to-end systems&quot;
    }
  },
  {
    &quot;id&quot;: 6,
    &quot;name&quot;: &quot;Mrs. Dennis Schulist&quot;,
    &quot;username&quot;: &quot;Leopoldo_Corkery&quot;,
    &quot;email&quot;: &quot;Karley_Dach@jasper.info&quot;,
    &quot;address&quot;: {
      &quot;street&quot;: &quot;Norberto Crossing&quot;,
      &quot;suite&quot;: &quot;Apt. 950&quot;,
      &quot;city&quot;: &quot;South Christy&quot;,
      &quot;zipcode&quot;: &quot;23505-1337&quot;,
      &quot;geo&quot;: {
        &quot;lat&quot;: &quot;-71.4197&quot;,
        &quot;lng&quot;: &quot;71.7478&quot;
      }
    },
    &quot;phone&quot;: &quot;1-477-935-8478 x6430&quot;,
    &quot;website&quot;: &quot;ola.org&quot;,
    &quot;company&quot;: {
      &quot;name&quot;: &quot;Considine-Lockman&quot;,
      &quot;catchPhrase&quot;: &quot;Synchronised bottom-line interface&quot;,
      &quot;bs&quot;: &quot;e-enable innovative applications&quot;
    }
  },
  {
    &quot;id&quot;: 7,
    &quot;name&quot;: &quot;Kurtis Weissnat&quot;,
    &quot;username&quot;: &quot;Elwyn.Skiles&quot;,
    &quot;email&quot;: &quot;Telly.Hoeger@billy.biz&quot;,
    &quot;address&quot;: {
      &quot;street&quot;: &quot;Rex Trail&quot;,
      &quot;suite&quot;: &quot;Suite 280&quot;,
      &quot;city&quot;: &quot;Howemouth&quot;,
      &quot;zipcode&quot;: &quot;58804-1099&quot;,
      &quot;geo&quot;: {
        &quot;lat&quot;: &quot;24.8918&quot;,
        &quot;lng&quot;: &quot;21.8984&quot;
      }
    },
    &quot;phone&quot;: &quot;210.067.6132&quot;,
    &quot;website&quot;: &quot;elvis.io&quot;,
    &quot;company&quot;: {
      &quot;name&quot;: &quot;Johns Group&quot;,
      &quot;catchPhrase&quot;: &quot;Configurable multimedia task-force&quot;,
      &quot;bs&quot;: &quot;generate enterprise e-tailers&quot;
    }
  },
  {
    &quot;id&quot;: 8,
    &quot;name&quot;: &quot;Nicholas Runolfsdottir V&quot;,
    &quot;username&quot;: &quot;Maxime_Nienow&quot;,
    &quot;email&quot;: &quot;Sherwood@rosamond.me&quot;,
    &quot;address&quot;: {
      &quot;street&quot;: &quot;Ellsworth Summit&quot;,
      &quot;suite&quot;: &quot;Suite 729&quot;,
      &quot;city&quot;: &quot;Aliyaview&quot;,
      &quot;zipcode&quot;: &quot;45169&quot;,
      &quot;geo&quot;: {
        &quot;lat&quot;: &quot;-14.3990&quot;,
        &quot;lng&quot;: &quot;-120.7677&quot;
      }
    },
    &quot;phone&quot;: &quot;586.493.6943 x140&quot;,
    &quot;website&quot;: &quot;jacynthe.com&quot;,
    &quot;company&quot;: {
      &quot;name&quot;: &quot;Abernathy Group&quot;,
      &quot;catchPhrase&quot;: &quot;Implemented secondary concept&quot;,
      &quot;bs&quot;: &quot;e-enable extensible e-tailers&quot;
    }
  },
  {
    &quot;id&quot;: 9,
    &quot;name&quot;: &quot;Glenna Reichert&quot;,
    &quot;username&quot;: &quot;Delphine&quot;,
    &quot;email&quot;: &quot;Chaim_McDermott@dana.io&quot;,
    &quot;address&quot;: {
      &quot;street&quot;: &quot;Dayna Park&quot;,
      &quot;suite&quot;: &quot;Suite 449&quot;,
      &quot;city&quot;: &quot;Bartholomebury&quot;,
      &quot;zipcode&quot;: &quot;76495-3109&quot;,
      &quot;geo&quot;: {
        &quot;lat&quot;: &quot;24.6463&quot;,
        &quot;lng&quot;: &quot;-168.8889&quot;
      }
    },
    &quot;phone&quot;: &quot;(775)976-6794 x41206&quot;,
    &quot;website&quot;: &quot;conrad.com&quot;,
    &quot;company&quot;: {
      &quot;name&quot;: &quot;Yost and Sons&quot;,
      &quot;catchPhrase&quot;: &quot;Switchable contextually-based project&quot;,
      &quot;bs&quot;: &quot;aggregate real-time technologies&quot;
    }
  },
  {
    &quot;id&quot;: 10,
    &quot;name&quot;: &quot;Clementina DuBuque&quot;,
    &quot;username&quot;: &quot;Moriah.Stanton&quot;,
    &quot;email&quot;: &quot;Rey.Padberg@karina.biz&quot;,
    &quot;address&quot;: {
      &quot;street&quot;: &quot;Kattie Turnpike&quot;,
      &quot;suite&quot;: &quot;Suite 198&quot;,
      &quot;city&quot;: &quot;Lebsackbury&quot;,
      &quot;zipcode&quot;: &quot;31428-2261&quot;,
      &quot;geo&quot;: {
        &quot;lat&quot;: &quot;-38.2386&quot;,
        &quot;lng&quot;: &quot;57.2232&quot;
      }
    },
    &quot;phone&quot;: &quot;024-648-3804&quot;,
    &quot;website&quot;: &quot;ambrose.net&quot;,
    &quot;company&quot;: {
      &quot;name&quot;: &quot;Hoeger LLC&quot;,
      &quot;catchPhrase&quot;: &quot;Centralized empowering task-force&quot;,
      &quot;bs&quot;: &quot;target end-to-end models&quot;
    }
  }
]

17:43:59.630 [ForkJoinPool-1-worker-24733] DEBUG com.intuit.karate - request:
2 &gt; GET https://jsonplaceholder.typicode.com/users/1
2 &gt; Accept-Encoding: gzip,deflate
2 &gt; Connection: Keep-Alive
2 &gt; Cookie: __cfduid=d8d974e25199399c0cd0d12f0e9f8e8301590857038
2 &gt; Host: jsonplaceholder.typicode.com
2 &gt; User-Agent: Apache-HttpClient/4.5.11 (Java/1.8.0_181)

17:43:59.631 [ForkJoinPool-1-worker-29554] DEBUG com.intuit.karate - request:
2 &gt; GET https://jsonplaceholder.typicode.com/users/1
2 &gt; Accept-Encoding: gzip,deflate
2 &gt; Connection: Keep-Alive
2 &gt; Cookie: __cfduid=d8d974e25199399c0cd0d12f0e9f8e8301590857038
2 &gt; Host: jsonplaceholder.typicode.com
2 &gt; User-Agent: Apache-HttpClient/4.5.11 (Java/1.8.0_181)

17:43:59.705 [ForkJoinPool-1-worker-24733] DEBUG com.intuit.karate - response time in milliseconds: 73.41
2 &lt; 200
2 &lt; Access-Control-Allow-Credentials: true
2 &lt; Age: 272651
2 &lt; CF-Cache-Status: UPDATING
2 &lt; CF-RAY: 59b9eacc7c30d20c-MAN
2 &lt; Cache-Control: max-age=14400
2 &lt; Connection: keep-alive
2 &lt; Content-Type: application/json; charset=utf-8
2 &lt; Date: Sat, 30 May 2020 16:43:58 GMT
2 &lt; Etag: W/&quot;1fd-+2Y3G3w049iSZtw5t1mzSnunngE&quot;
2 &lt; Expect-CT: max-age=604800, report-uri=&quot;https://report-uri.cloudflare.com/cdn-cgi/beacon/expect-ct&quot;
2 &lt; Expires: -1
2 &lt; Pragma: no-cache
2 &lt; Server: cloudflare
2 &lt; Transfer-Encoding: chunked
2 &lt; Vary: Origin, Accept-Encoding
2 &lt; Via: 1.1 vegur
2 &lt; X-Content-Type-Options: nosniff
2 &lt; X-Powered-By: Express
2 &lt; cf-request-id: 03081113c80000d20c5e0f8200000001
{
  &quot;id&quot;: 1,
  &quot;name&quot;: &quot;Leanne Graham&quot;,
  &quot;username&quot;: &quot;Bret&quot;,
  &quot;email&quot;: &quot;Sincere@april.biz&quot;,
  &quot;address&quot;: {
    &quot;street&quot;: &quot;Kulas Light&quot;,
    &quot;suite&quot;: &quot;Apt. 556&quot;,
    &quot;city&quot;: &quot;Gwenborough&quot;,
    &quot;zipcode&quot;: &quot;92998-3874&quot;,
    &quot;geo&quot;: {
      &quot;lat&quot;: &quot;-37.3159&quot;,
      &quot;lng&quot;: &quot;81.1496&quot;
    }
  },
  &quot;phone&quot;: &quot;1-770-736-8031 x56442&quot;,
  &quot;website&quot;: &quot;hildegard.org&quot;,
  &quot;company&quot;: {
    &quot;name&quot;: &quot;Romaguera-Crona&quot;,
    &quot;catchPhrase&quot;: &quot;Multi-layered client-server neural-net&quot;,
    &quot;bs&quot;: &quot;harness real-time e-markets&quot;
  }
}

17:43:59.835 [ForkJoinPool-1-worker-27947] DEBUG com.intuit.karate - response time in milliseconds: 530.05
1 &lt; 200
1 &lt; Access-Control-Allow-Headers: Accept, X-Requested-With
1 &lt; Access-Control-Allow-Methods: GET
1 &lt; Access-Control-Allow-Origin: *
1 &lt; CF-Cache-Status: DYNAMIC
1 &lt; CF-RAY: 59b9eacb8ca5e59b-MAN
1 &lt; Cache-Control: public, max-age=86400
1 &lt; Connection: keep-alive
1 &lt; Content-Type: application/json;charset=utf-8
1 &lt; Date: Sat, 30 May 2020 16:43:58 GMT
1 &lt; Expect-CT: max-age=604800, report-uri=&quot;https://report-uri.cloudflare.com/cdn-cgi/beacon/expect-ct&quot;
1 &lt; Server: cloudflare
1 &lt; Set-Cookie: __cfduid=d9ed653be75d25b49e723b74ba376b5911590857038; expires=Mon, 29-Jun-20 16:43:58 GMT; path=/; domain=.restcountries.eu; HttpOnly; SameSite=Lax
1 &lt; Transfer-Encoding: chunked
1 &lt; cf-request-id: 03081113330000e59b6b90b200000001
[{&quot;name&quot;:&quot;Afghanistan&quot;,&quot;topLevelDomain&quot;:[&quot;.af&quot;],&quot;alpha2Code&quot;:&quot;AF&quot;,&quot;alpha3Code&quot;:&quot;AFG&quot;,&quot;callingCodes&quot;:[&quot;93&quot;],&quot;capital&quot;:&quot;Kabul&quot;,&quot;altSpellings&quot;:[&quot;AF&quot;,&quot;AfÄ¡Ä�nistÄ�n&quot;],&quot;region&quot;:&quot;Asia&quot;,&quot;subregion&quot;:&quot;Southern Asia&quot;,&quot;population&quot;:27657145,&quot;latlng&quot;:[33.0,65.0],&quot;demonym&quot;:&quot;Afghan&quot;,&quot;area&quot;:652230.0,&quot;gini&quot;:27.8,&quot;timezones&quot;:[&quot;UTC+04:30&quot;],&quot;borders&quot;:[&quot;IRN&quot;,&quot;PAK&quot;,&quot;TKM&quot;,&quot;UZB&quot;,&quot;TJK&quot;,&quot;CHN&quot;],&quot;nativeName&quot;:&quot;Ø§Ù�ØºØ§Ù†Ø³ØªØ§Ù†&quot;,&quot;numericCode&quot;:&quot;004&quot;,&quot;currencies&quot;:[{&quot;code&quot;:&quot;AFN&quot;,&quot;name&quot;:&quot;Afghan afghani&quot;,&quot;symbol&quot;:&quot;Ø‹&quot;}],&quot;languages&quot;:[{&quot;iso639_1&quot;:&quot;ps&quot;,&quot;iso639_2&quot;:&quot;pus&quot;,&quot;name&quot;:&quot;Pashto&quot;,&quot;nativeName&quot;:&quot;Ù¾ÚšØªÙˆ&quot;},{&quot;iso639_1&quot;:&quot;uz&quot;,&quot;iso639_2&quot;:&quot;uzb&quot;,&quot;name&quot;:&quot;Uzbek&quot;,&quot;nativeName&quot;:&quot;OÊ»zbek&quot;},{&quot;iso639_1&quot;:&quot;tk&quot;,&quot;iso639_2&quot;:&quot;tuk&quot;,&quot;name&quot;:&quot;Turkmen&quot;,&quot;nativeName&quot;:&quot;TÃ¼rkmen&quot;}],&quot;translations&quot;:{&quot;de&quot;:&quot;Afghanistan&quot;,&quot;es&quot;:&quot;AfganistÃ¡n&quot;,&quot;fr&quot;:&quot;Afghanistan&quot;,&quot;ja&quot;:&quot;ã‚¢ãƒ•ã‚¬ãƒ‹ã‚¹ã‚¿ãƒ³&quot;,&quot;it&quot;:&quot;Afghanistan&quot;,&quot;br&quot;:&quot;AfeganistÃ£o&quot;,&quot;pt&quot;:&quot;AfeganistÃ£o&quot;,&quot;nl&quot;:&quot;Afghanistan&quot;,&quot;hr&quot;:&quot;Afganistan&quot;,&quot;fa&quot;:&quot;Ø§Ù�ØºØ§Ù†Ø³ØªØ§Ù†&quot;},&quot;flag&quot;:&quot;https://restcountries.eu/data/afg.svg&quot;,&quot;regionalBlocs&quot;:[{&quot;acronym&quot;:&quot;SAARC&quot;,&quot;name&quot;:&quot;South Asian Association for Regional Cooperation&quot;,&quot;otherAcronyms&quot;:[],&quot;otherNames&quot;:[]}],&quot;cioc&quot;:&quot;AFG&quot;},{&quot;name&quot;:&quot;Ã…land Islands&quot;,&quot;topLevelDomain&quot;:[&quot;.ax&quot;],&quot;alpha2Code&quot;:&quot;AX&quot;,&quot;alpha3Code&quot;:&quot;ALA&quot;,&quot;callingCodes&quot;:[&quot;358&quot;],&quot;capital&quot;:&quot;Mariehamn&quot;,&quot;altSpellings&quot;:[&quot;AX&quot;,&quot;Aaland&quot;,&quot;Aland&quot;,&quot;Ahvenanmaa&quot;],&quot;region&quot;:&quot;Europe&quot;,&quot;subregion&quot;:&quot;Northern Europe&quot;,&quot;population&quot;:28875,&quot;latlng&quot;:[60.116667,19.9],&quot;demonym&quot;:&quot;Ã…landish&quot;,&quot;area&quot;:1580.0,&quot;gini&quot;:null,&quot;timezones&quot;:[&quot;UTC+02:00&quot;],&quot;borders&quot;:[],&quot;nativeName&quot;:&quot;Ã…land&quot;,&quot;numericCode&quot;:&quot;248&quot;,&quot;currencies&quot;:[{&quot;code&quot;:&quot;EUR&quot;,&quot;name&quot;:&quot;Euro&quot;,&quot;symbol&quot;:&quot;â‚¬&quot;}],&quot;languages&quot;:[{&quot;iso639_1&quot;:&quot;sv&quot;,&quot;iso639_2&quot;:&quot;swe&quot;,&quot;name&quot;:&quot;Swedish&quot;,&quot;nativeName&quot;:&quot;svenska&quot;}],&quot;translations&quot;:{&quot;de&quot;:&quot;Ã…land&quot;,&quot;es&quot;:&quot;Alandia&quot;,&quot;fr&quot;:&quot;Ã…land&quot;,&quot;ja&quot;:&quot;ã‚ªãƒ¼ãƒ©ãƒ³ãƒ‰è«¸å³¶&quot;,&quot;it&quot;:&quot;Isole Aland&quot;,&quot;br&quot;:&quot;Ilhas de Aland&quot;,&quot;pt&quot;:&quot;Ilhas de Aland&quot;,&quot;nl&quot;:&quot;Ã…landeilanden&quot;,&quot;hr&quot;:&quot;Ã…landski otoci&quot;,&quot;fa&quot;:&quot;Ø¬Ø²Ø§ÛŒØ± Ø§Ù„Ù†Ø¯&quot;},&quot;flag&quot;:&quot;https://restcountries.eu/data/ala.svg&quot;,&quot;regionalBlocs&quot;:[{&quot;acronym&quot;:&quot;EU&quot;,&quot;name&quot;:&quot;European Union&quot;,&quot;otherAcronyms&quot;:[],&quot;otherNames&quot;:[]}],&quot;cioc&quot;:&quot;&quot;},{&quot;name&quot;:&quot;Albania&quot;,&quot;topLevelDomain&quot;:[&quot;.al&quot;],&quot;alpha2Code&quot;:&quot;AL&quot;,&quot;alpha3Code&quot;:&quot;ALB&quot;,&quot;callingCodes&quot;:[&quot;355&quot;],&quot;capital&quot;:&quot;Tirana&quot;,&quot;altSpellings&quot;:[&quot;AL&quot;,&quot;ShqipÃ«ri&quot;,&quot;ShqipÃ«ria&quot;,&quot;Shqipnia&quot;],&quot;region&quot;:&quot;Europe&quot;,&quot;subregion&quot;:&quot;Southern Europe&quot;,&quot;population&quot;:2886026,&quot;latlng&quot;:[41.0,20.0],&quot;demonym&quot;:&quot;Albanian&quot;,&quot;area&quot;:28748.0,&quot;gini&quot;:34.5,&quot;timezones&quot;:[&quot;UTC+01:00&quot;],&quot;borders&quot;:[&quot;MNE&quot;,&quot;GRC&quot;,&quot;MKD&quot;,&quot;KOS&quot;],&quot;nativeName&quot;:&quot;ShqipÃ«ria&quot;,&quot;numericCode&quot;:&quot;008&quot;,&quot;currencies&quot;:[{&quot;code&quot;:&quot;ALL&quot;,&quot;name&quot;:&quot;Albanian lek&quot;,&quot;symbol&quot;:&quot;L&quot;}],&quot;languages&quot;:[{&quot;iso639_1&quot;:&quot;sq&quot;,&quot;iso639_2&quot;:&quot;sqi&quot;,&quot;name&quot;:&quot;Albanian&quot;,&quot;nativeName&quot;:&quot;Shqip&quot;}],&quot;translations&quot;:{&quot;de&quot;:&quot;Albanien&quot;,&quot;es&quot;:&quot;Albania&quot;,&quot;fr&quot;:&quot;Albanie&quot;,&quot;ja&quot;:&quot;ã‚¢ãƒ«ãƒ�ãƒ‹ã‚¢&quot;,&quot;it&quot;:&quot;Albania&quot;,&quot;br&quot;:&quot;AlbÃ¢nia&quot;,&quot;pt&quot;:&quot;AlbÃ¢nia&quot;,&quot;nl&quot;:&quot;AlbaniÃ«&quot;,&quot;hr&quot;:&quot;Albanija&quot;,&quot;fa&quot;:&quot;Ø¢Ù„Ø¨Ø§Ù†ÛŒ&quot;},&quot;flag&quot;:&quot;https://restcountries.eu/data/alb.svg&quot;,&quot;regionalBlocs&quot;:[{&quot;acronym&quot;:&quot;CEFTA&quot;,&quot;name&quot;:&quot;Central European Free Trade Agreement&quot;,&quot;otherAcronyms&quot;:[],&quot;otherNames&quot;:[]}],&quot;cioc&quot;:&quot;ALB&quot;},{&quot;name&quot;:&quot;Algeria&quot;,&quot;topLevelDomain&quot;:[&quot;.dz&quot;],&quot;alpha2Code&quot;:&quot;DZ&quot;,&quot;alpha3Code&quot;:&quot;DZA&quot;,&quot;callingCodes&quot;:[&quot;213&quot;],&quot;capital&quot;:&quot;Algiers&quot;,&quot;altSpellings&quot;:[&quot;DZ&quot;,&quot;Dzayer&quot;,&quot;AlgÃ©rie&quot;],&quot;region&quot;:&quot;Africa&quot;,&quot;subregion&quot;:&quot;Northern Africa&quot;,&quot;population&quot;:40400000,&quot;latlng&quot;:[28.0,3.0],&quot;demonym&quot;:&quot;Algerian&quot;,&quot;area&quot;:2381741.0,&quot;gini&quot;:35.3,&quot;timezones&quot;:[&quot;UTC+01:00&quot;],&quot;borders&quot;:[&quot;TUN&quot;,&quot;LBY&quot;,&quot;NER&quot;,&quot;ESH&quot;,&quot;MRT&quot;,&quot;MLI&quot;,&quot;MAR&quot;],&quot;nativeName&quot;:&quot;Ø§Ù„Ø¬Ø²Ø§Ø¦Ø±&quot;,&quot;numericCode&quot;:&quot;012&quot;,&quot;currencies&quot;:[{&quot;code&quot;:&quot;DZD&quot;,&quot;name&quot;:&quot;Algerian dinar&quot;,&quot;symbol&quot;:&quot;Ø¯.Ø¬&quot;}],&quot;languages&quot;:[{&quot;iso639_1&quot;:&quot;ar&quot;,&quot;iso639_2&quot;:&quot;ara&quot;,&quot;name&quot;:&quot;Arabic&quot;,&quot;nativeName&quot;:&quot;Ø§Ù„Ø¹Ø±Ø¨ÙŠØ©&quot;}],&quot;translations&quot;:{&quot;de&quot;:&quot;Algerien&quot;,&quot;es&quot;:&quot;Argelia&quot;,&quot;fr&quot;:&quot;AlgÃ©rie&quot;,&quot;ja&quot;:&quot;ã‚¢ãƒ«ã‚¸ã‚§ãƒªã‚¢&quot;,&quot;it&quot;:&quot;Algeria&quot;,&quot;br&quot;:&quot;ArgÃ©lia&quot;,&quot;pt&quot;:&quot;ArgÃ©lia&quot;,&quot;nl&quot;:&quot;Algerije&quot;,&quot;hr&quot;:&quot;AlÅ¾ir&quot;,&quot;fa&quot;:&quot;Ø§Ù„Ø¬Ø²Ø§ÛŒØ±&quot;},&quot;flag&quot;:&quot;https://restcountries.eu/data/dza.svg&quot;,&quot;regionalBlocs&quot;:[{&quot;acronym&quot;:&quot;AU&quot;,&quot;name&quot;:&quot;African Union&quot;,&quot;otherAcronyms&quot;:[],&quot;otherNames&quot;:[&quot;Ø§Ù„Ø§ØªØ­Ø§Ø¯ Ø§Ù„Ø£Ù�Ø±ÙŠÙ‚ÙŠ&quot;,&quot;Union africaine&quot;,&quot;UniÃ£o Africana&quot;,&quot;UniÃ³n Africana&quot;,&quot;Umoja wa Afrika&quot;]},{&quot;acronym&quot;:&quot;AL&quot;,&quot;name&quot;:&quot;Arab League&quot;,&quot;otherAcronyms&quot;:[],&quot;otherNames&quot;:[&quot;Ø¬Ø§Ù…Ø¹Ø© Ø§Ù„Ø¯ÙˆÙ„ Ø§Ù„Ø¹Ø±Ø¨ÙŠØ©&quot;,&quot;JÄ�miÊ»at ad-Duwal al-Ê»ArabÄ«yah&quot;,&quot;League of Arab States&quot;]}],&quot;cioc&quot;:&quot;ALG&quot;},{&quot;name&quot;:&quot;American Samoa&quot;,&quot;topLevelDomain&quot;:[&quot;.as&quot;],&quot;alpha2Code&quot;:&quot;AS&quot;,&quot;alpha3Code&quot;:&quot;ASM&quot;,&quot;callingCodes&quot;:[&quot;1684&quot;],&quot;capital&quot;:&quot;Pago Pago&quot;,&quot;altSpellings&quot;:[&quot;AS&quot;,&quot;Amerika SÄ�moa&quot;,&quot;Amelika SÄ�moa&quot;,&quot;SÄ�moa Amelika&quot;],&quot;region&quot;:&quot;Oceania&quot;,&quot;subregion&quot;:&quot;Polynesia&quot;,&quot;population&quot;:57100,&quot;latlng&quot;:[-14.33333333,-170.0],&quot;demonym&quot;:&quot;American Samoan&quot;,&quot;area&quot;:199.0,&quot;gini&quot;:null,&quot;timezones&quot;:[&quot;UTC-11:00&quot;],&quot;borders&quot;:[],&quot;nativeName&quot;:&quot;American Samoa&quot;,&quot;numericCode&quot;:&quot;016&quot;,&quot;currencies&quot;:[{&quot;code&quot;:&quot;USD&quot;,&quot;name&quot;:&quot;United State Dollar&quot;,&quot;symbol&quot;:&quot;$&quot;}],&quot;languages&quot;:[{&quot;iso639_1&quot;:&quot;en&quot;,&quot;iso639_2&quot;:&quot;eng&quot;,&quot;name&quot;:&quot;English&quot;,&quot;nativeName&quot;:&quot;English&quot;},{&quot;iso639_1&quot;:&quot;sm&quot;,&quot;iso639_2&quot;:&quot;smo&quot;,&quot;name&quot;:&quot;Samoan&quot;,&quot;nativeName&quot;:&quot;gagana fa&apos;a Samoa&quot;}],&quot;translations&quot;:{&quot;de&quot;:&quot;Amerikanisch-Samoa&quot;,&quot;es&quot;:&quot;Samoa Americana&quot;,&quot;fr&quot;:&quot;Samoa amÃ©ricaines&quot;,&quot;ja&quot;:&quot;ã‚¢ãƒ¡ãƒªã‚«é ˜ã‚µãƒ¢ã‚¢&quot;,&quot;it&quot;:&quot;Samoa Americane&quot;,&quot;br&quot;:&quot;Samoa Americana&quot;,&quot;pt&quot;:&quot;Samoa Americana&quot;,&quot;nl&quot;:&quot;Amerikaans Samoa&quot;,&quot;hr&quot;:&quot;AmeriÄ�ka Samoa&quot;,&quot;fa&quot;:&quot;Ø³Ø§Ù…ÙˆØ¢ÛŒ Ø¢Ù…Ø±ÛŒÚ©Ø§&quot;},&quot;flag&quot;:&quot;https://restcountries.eu/data/asm.svg&quot;,&quot;regionalBlocs&quot;:[],&quot;cioc&quot;:&quot;ASA&quot;},{&quot;name&quot;:&quot;Andorra&quot;,&quot;topLevelDomain&quot;:[&quot;.ad&quot;],&quot;alpha2Code&quot;:&quot;AD&quot;,&quot;alpha3Code&quot;:&quot;AND&quot;,&quot;callingCodes&quot;:[&quot;376&quot;],&quot;capital&quot;:&quot;Andorra la Vella&quot;,&quot;altSpellings&quot;:[&quot;AD&quot;,&quot;Principality of Andorra&quot;,&quot;Principat d&apos;Andorra&quot;],&quot;region&quot;:&quot;Europe&quot;,&quot;subregion&quot;:&quot;Southern Europe&quot;,&quot;population&quot;:78014,&quot;latlng&quot;:[42.5,1.5],&quot;demonym&quot;:&quot;Andorran&quot;,&quot;area&quot;:468.0,&quot;gini&quot;:null,&quot;timezones&quot;:[&quot;UTC+01:00&quot;],&quot;borders&quot;:[&quot;FRA&quot;,&quot;ESP&quot;],&quot;nativeName&quot;:&quot;Andorra&quot;,&quot;numericCode&quot;:&quot;020&quot;,&quot;currencies&quot;:[{&quot;code&quot;:&quot;EUR&quot;,&quot;name&quot;:&quot;Euro&quot;,&quot;symbol&quot;:&quot;â‚¬&quot;}],&quot;languages&quot;:[{&quot;iso639_1&quot;:&quot;ca&quot;,&quot;iso639_2&quot;:&quot;cat&quot;,&quot;name&quot;:&quot;Catalan&quot;,&quot;nativeName&quot;:&quot;catalÃ &quot;}],&quot;translations&quot;:{&quot;de&quot;:&quot;Andorra&quot;,&quot;es&quot;:&quot;Andorra&quot;,&quot;fr&quot;:&quot;Andorre&quot;,&quot;ja&quot;:&quot;ã‚¢ãƒ³ãƒ‰ãƒ©&quot;,&quot;it&quot;:&quot;Andorra&quot;,&quot;br&quot;:&quot;Andorra&quot;,&quot;pt&quot;:&quot;Andorra&quot;,&quot;nl&quot;:&quot;Andorra&quot;,&quot;hr&quot;:&quot;Andora&quot;,&quot;fa&quot;:&quot;Ø¢Ù†Ø¯ÙˆØ±Ø§&quot;},&quot;flag&quot;:&quot;https://restcountries.eu/data/and.svg&quot;,&quot;regionalBlocs&quot;:[],&quot;cioc&quot;:&quot;AND&quot;},{&quot;name&quot;:&quot;Angola&quot;,&quot;topLevelDomain&quot;:[&quot;.ao&quot;],&quot;alpha2Code&quot;:&quot;AO&quot;,&quot;alpha3Code&quot;:&quot;AGO&quot;,&quot;callingCodes&quot;:[&quot;244&quot;],&quot;capital&quot;:&quot;Luanda&quot;,&quot;altSpellings&quot;:[&quot;AO&quot;,&quot;RepÃºblica de Angola&quot;,&quot;Ê�É›publika de an&apos;É¡É”la&quot;],&quot;region&quot;:&quot;Africa&quot;,&quot;subregion&quot;:&quot;Middle Africa&quot;,&quot;population&quot;:25868000,&quot;latlng&quot;:[-12.5,18.5],&quot;demonym&quot;:&quot;Angolan&quot;,&quot;area&quot;:1246700.0,&quot;gini&quot;:58.6,&quot;timezones&quot;:[&quot;UTC+01:00&quot;],&quot;borders&quot;:[&quot;COG&quot;,&quot;COD&quot;,&quot;ZMB&quot;,&quot;NAM&quot;],&quot;nativeName&quot;:&quot;Angola&quot;,&quot;numericCode&quot;:&quot;024&quot;,&quot;currencies&quot;:[{&quot;code&quot;:&quot;AOA&quot;,&quot;name&quot;:&quot;Angolan kwanza&quot;,&quot;symbol&quot;:&quot;Kz&quot;}],&quot;languages&quot;:[{&quot;iso639_1&quot;:&quot;pt&quot;,&quot;iso639_2&quot;:&quot;por&quot;,&quot;name&quot;:&quot;Portuguese&quot;,&quot;nativeName&quot;:&quot;PortuguÃªs&quot;}],&quot;translations&quot;:{&quot;de&quot;:&quot;Angola&quot;,&quot;es&quot;:&quot;Angola&quot;,&quot;fr&quot;:&quot;Angola&quot;,&quot;ja&quot;:&quot;ã‚¢ãƒ³ã‚´ãƒ©&quot;,&quot;it&quot;:&quot;Angola&quot;,&quot;br&quot;:&quot;Angola&quot;,&quot;pt&quot;:&quot;Angola&quot;,&quot;nl&quot;:&quot;Angola&quot;,&quot;hr&quot;:&quot;Angola&quot;,&quot;fa&quot;:&quot;Ø¢Ù†Ú¯ÙˆÙ„Ø§&quot;},&quot;flag&quot;:&quot;https://restcountries.eu/data/ago.svg&quot;,&quot;regionalBlocs&quot;:[{&quot;acronym&quot;:&quot;AU&quot;,&quot;name&quot;:&quot;African Union&quot;,&quot;otherAcronyms&quot;:[],&quot;otherNames&quot;:[&quot;Ø§Ù„Ø§ØªØ­Ø§Ø¯ Ø§Ù„Ø£Ù�Ø±ÙŠÙ‚ÙŠ&quot;,&quot;Union africaine&quot;,&quot;UniÃ£o Africana&quot;,&quot;UniÃ³n Africana&quot;,&quot;Umoja wa Afrika&quot;]}],&quot;cioc&quot;:&quot;ANG&quot;},{&quot;name&quot;:&quot;Anguilla&quot;,&quot;topLevelDomain&quot;:[&quot;.ai&quot;],&quot;alpha2Code&quot;:&quot;AI&quot;,&quot;alpha3Code&quot;:&quot;AIA&quot;,&quot;callingCodes&quot;:[&quot;1264&quot;],&quot;capital&quot;:&quot;The Valley&quot;,&quot;altSpellings&quot;:[&quot;AI&quot;],&quot;region&quot;:&quot;Americas&quot;,&quot;subregion&quot;:&quot;Caribbean&quot;,&quot;population&quot;:13452,&quot;latlng&quot;:[18.25,-63.16666666],&quot;demonym&quot;:&quot;Anguillian&quot;,&quot;area&quot;:91.0,&quot;gini&quot;:null,&quot;timezones&quot;:[&quot;UTC-04:00&quot;],&quot;borders&quot;:[],&quot;nativeName&quot;:&quot;Anguilla&quot;,&quot;numericCode&quot;:&quot;660&quot;,&quot;currencies&quot;:[{&quot;code&quot;:&quot;XCD&quot;,&quot;name&quot;:&quot;East Caribbean dollar&quot;,&quot;symbol&quot;:&quot;$&quot;}],&quot;languages&quot;:[{&quot;iso639_1&quot;:&quot;en&quot;,&quot;iso639_2&quot;:&quot;eng&quot;,&quot;name&quot;:&quot;English&quot;,&quot;nativeName&quot;:&quot;English&quot;}],&quot;translations&quot;:{&quot;de&quot;:&quot;Anguilla&quot;,&quot;es&quot;:&quot;Anguilla&quot;,&quot;fr&quot;:&quot;Anguilla&quot;,&quot;ja&quot;:&quot;ã‚¢ãƒ³ã‚®ãƒ©&quot;,&quot;it&quot;:&quot;Anguilla&quot;,&quot;br&quot;:&quot;Anguila&quot;,&quot;pt&quot;:&quot;Anguila&quot;,&quot;nl&quot;:&quot;Anguilla&quot;,&quot;hr&quot;:&quot;Angvila&quot;,&quot;fa&quot;:&quot;Ø¢Ù†Ú¯ÙˆÛŒÙ„Ø§&quot;},&quot;flag&quot;:&quot;https://restcountries.eu/data/aia.svg&quot;,&quot;regionalBlocs&quot;:[],&quot;cioc&quot;:&quot;&quot;},{&quot;name&quot;:&quot;Antarctica&quot;,&quot;topLevelDomain&quot;:[&quot;.aq&quot;],&quot;alpha2Code&quot;:&quot;AQ&quot;,&quot;alpha3Code&quot;:&quot;ATA&quot;,&quot;callingCodes&quot;:[&quot;672&quot;],&quot;capital&quot;:&quot;&quot;,&quot;altSpellings&quot;:[],&quot;region&quot;:&quot;Polar&quot;,&quot;subregion&quot;:&quot;&quot;,&quot;population&quot;:1000,&quot;latlng&quot;:[-74.65,4.48],&quot;demonym&quot;:&quot;&quot;,&quot;area&quot;:1.4E7,&quot;gini&quot;:null,&quot;timezones&quot;:[&quot;UTC-03:00&quot;,&quot;UTC+03:00&quot;,&quot;UTC+05:00&quot;,&quot;UTC+06:00&quot;,&quot;UTC+07:00&quot;,&quot;UTC+08:00&quot;,&quot;UTC+10:00&quot;,&quot;UTC+12:00&quot;],&quot;borders&quot;:[],&quot;nativeName&quot;:&quot;Antarctica&quot;,&quot;numericCode&quot;:&quot;010&quot;,&quot;currencies&quot;:[{&quot;code&quot;:&quot;AUD&quot;,&quot;name&quot;:&quot;Australian dollar&quot;,&quot;symbol&quot;:&quot;$&quot;},{&quot;code&quot;:&quot;GBP&quot;,&quot;name&quot;:&quot;British pound&quot;,&quot;symbol&quot;:&quot;Â£&quot;}],&quot;languages&quot;:[{&quot;iso639_1&quot;:&quot;en&quot;,&quot;iso639_2&quot;:&quot;eng&quot;,&quot;name&quot;:&quot;English&quot;,&quot;nativeName&quot;:&quot;English&quot;},{&quot;iso639_1&quot;:&quot;ru&quot;,&quot;iso639_2&quot;:&quot;rus&quot;,&quot;name&quot;:&quot;Russian&quot;,&quot;nativeName&quot;:&quot;Ð ÑƒÑ�Ñ�ÐºÐ¸Ð¹&quot;}],&quot;translations&quot;:{&quot;de&quot;:&quot;Antarktika&quot;,&quot;es&quot;:&quot;AntÃ¡rtida&quot;,&quot;fr&quot;:&quot;Antarctique&quot;,&quot;ja&quot;:&quot;å�—æ¥µå¤§é™¸&quot;,&quot;it&quot;:&quot;Antartide&quot;,&quot;br&quot;:&quot;AntÃ¡rtida&quot;,&quot;pt&quot;:&quot;AntÃ¡rctida&quot;,&quot;nl&quot;:&quot;Antarctica&quot;,&quot;hr&quot;:&quot;Antarktika&quot;,&quot;fa&quot;:&quot;Ø¬Ù†ÙˆØ¨Ú¯Ø§Ù†&quot;},&quot;flag&quot;:&quot;https://restcountries.eu/data/ata.svg&quot;,&quot;regionalBlocs&quot;:[],&quot;cioc&quot;:&quot;&quot;},{&quot;name&quot;:&quot;Antigua and Barbuda&quot;,&quot;topLevelDomain&quot;:[&quot;.ag&quot;],&quot;alpha2Code&quot;:&quot;AG&quot;,&quot;alpha3Code&quot;:&quot;ATG&quot;,&quot;callingCodes&quot;:[&quot;1268&quot;],&quot;capital&quot;:&quot;Saint John&apos;s&quot;,&quot;altSpellings&quot;:[&quot;AG&quot;],&quot;region&quot;:&quot;Americas&quot;,&quot;subregion&quot;:&quot;Caribbean&quot;,&quot;population&quot;:86295,&quot;latlng&quot;:[17.05,-61.8],&quot;demonym&quot;:&quot;Antiguan, Barbudan&quot;,&quot;area&quot;:442.0,&quot;gini&quot;:null,&quot;timezones&quot;:[&quot;UTC-04:00&quot;],&quot;borders&quot;:[],&quot;nativeName&quot;:&quot;Antigua and Barbuda&quot;,&quot;numericCode&quot;:&quot;028&quot;,&quot;currencies&quot;:[{&quot;code&quot;:&quot;XCD&quot;,&quot;name&quot;:&quot;East Caribbean dollar&quot;,&quot;symbol&quot;:&quot;$&quot;}],&quot;languages&quot;:[{&quot;iso639_1&quot;:&quot;en&quot;,&quot;iso639_2&quot;:&quot;eng&quot;,&quot;name&quot;:&quot;English&quot;,&quot;nativeName&quot;:&quot;English&quot;}],&quot;translations&quot;:{&quot;de&quot;:&quot;Antigua und Barbuda&quot;,&quot;es&quot;:&quot;Antigua y Barbuda&quot;,&quot;fr&quot;:&quot;Antigua-et-Barbuda&quot;,&quot;ja&quot;:&quot;ã‚¢ãƒ³ãƒ†ã‚£ã‚°ã‚¢ãƒ»ãƒ�ãƒ¼ãƒ–ãƒ¼ãƒ€&quot;,&quot;it&quot;:&quot;Antigua e Barbuda&quot;,&quot;br&quot;:&quot;AntÃ­gua e Barbuda&quot;,&quot;pt&quot;:&quot;AntÃ­gua e Barbuda&quot;,&quot;nl&quot;:&quot;Antigua en Barbuda&quot;,&quot;hr&quot;:&quot;Antigva i Barbuda&quot;,&quot;fa&quot;:&quot;Ø¢Ù†ØªÛŒÚ¯ÙˆØ§ Ùˆ Ø¨Ø§Ø±Ø¨ÙˆØ¯Ø§&quot;},&quot;flag&quot;:&quot;https://restcountries.eu/data/atg.svg&quot;,&quot;regionalBlocs&quot;:[{&quot;acronym&quot;:&quot;CARICOM&quot;,&quot;name&quot;:&quot;Caribbean Community&quot;,&quot;otherAcronyms&quot;:[],&quot;otherNames&quot;:[&quot;Comunidad del Caribe&quot;,&quot;CommunautÃ© CaribÃ©enne&quot;,&quot;Caribische Gemeenschap&quot;]}],&quot;cioc&quot;:&quot;ANT&quot;},{&quot;name&quot;:&quot;Argentina&quot;,&quot;topLevelDomain&quot;:[&quot;.ar&quot;],&quot;alpha2Code&quot;:&quot;AR&quot;,&quot;alpha3Code&quot;:&quot;ARG&quot;,&quot;callingCodes&quot;:[&quot;54&quot;],&quot;capital&quot;:&quot;Buenos Aires&quot;,&quot;altSpellings&quot;:[&quot;AR&quot;,&quot;Argentine Republic&quot;,&quot;RepÃºblica Argentina&quot;],&quot;region&quot;:&quot;Americas&quot;,&quot;subregion&quot;:&quot;South America&quot;,&quot;population&quot;:43590400,&quot;latlng&quot;:[-34.0,-64.0],&quot;demonym&quot;:&quot;Argentinean&quot;,&quot;area&quot;:2780400.0,&quot;gini&quot;:44.5,&quot;timezones&quot;:[&quot;UTC-03:00&quot;],&quot;borders&quot;:[&quot;BOL&quot;,&quot;BRA&quot;,&quot;CHL&quot;,&quot;PRY&quot;,&quot;URY&quot;],&quot;nativeName&quot;:&quot;Argentina&quot;,&quot;numericCode&quot;:&quot;032&quot;,&quot;currencies&quot;:[{&quot;code&quot;:&quot;ARS&quot;,&quot;name&quot;:&quot;Argentine peso&quot;,&quot;symbol&quot;:&quot;$&quot;}],&quot;languages&quot;:[{&quot;iso639_1&quot;:&quot;es&quot;,&quot;iso639_2&quot;:&quot;spa&quot;,&quot;name&quot;:&quot;Spanish&quot;,&quot;nativeName&quot;:&quot;EspaÃ±ol&quot;},{&quot;iso639_1&quot;:&quot;gn&quot;,&quot;iso639_2&quot;:&quot;grn&quot;,&quot;name&quot;:&quot;GuaranÃ­&quot;,&quot;nativeName&quot;:&quot;AvaÃ±e&apos;áº½&quot;}],&quot;translations&quot;:{&quot;de&quot;:&quot;Argentinien&quot;,&quot;es&quot;:&quot;Argentina&quot;,&quot;fr&quot;:&quot;Argentine&quot;,&quot;ja&quot;:&quot;ã‚¢ãƒ«ã‚¼ãƒ³ãƒ�ãƒ³&quot;,&quot;it&quot;:&quot;Argentina&quot;,&quot;br&quot;:&quot;Argentina&quot;,&quot;pt&quot;:&quot;Argentina&quot;,&quot;nl&quot;:&quot;ArgentiniÃ«&quot;,&quot;hr&quot;:&quot;Argentina&quot;,&quot;fa&quot;:&quot;Ø¢Ø±Ú˜Ø§Ù†ØªÛŒÙ†&quot;},&quot;flag&quot;:&quot;https://restcountries.eu/data/arg.svg&quot;,&quot;regionalBlocs&quot;:[{&quot;acronym&quot;:&quot;USAN&quot;,&quot;name&quot;:&quot;Union of South American Nations&quot;,&quot;otherAcronyms&quot;:[&quot;UNASUR&quot;,&quot;UNASUL&quot;,&quot;UZAN&quot;],&quot;otherNames&quot;:[&quot;UniÃ³n de Naciones Suramericanas&quot;,&quot;UniÃ£o de NaÃ§Ãµes Sul-Americanas&quot;,&quot;Unie van Zuid-Amerikaanse Naties&quot;,&quot;South American Union&quot;]}],&quot;cioc&quot;:&quot;ARG&quot;},{&quot;name&quot;:&quot;Armenia&quot;,&quot;topLevelDomain&quot;:[&quot;.am&quot;],&quot;alpha2Code&quot;:&quot;AM&quot;,&quot;alpha3Code&quot;:&quot;ARM&quot;,&quot;callingCodes&quot;:[&quot;374&quot;],&quot;capital&quot;:&quot;Yerevan&quot;,&quot;altSpellings&quot;:[&quot;AM&quot;,&quot;Hayastan&quot;,&quot;Republic of Armenia&quot;,&quot;Õ€Õ¡ÕµÕ¡Õ½Õ¿Õ¡Õ¶Õ« Õ€Õ¡Õ¶Ö€Õ¡ÕºÕ¥Õ¿Õ¸Ö‚Õ©ÕµÕ¸Ö‚Õ¶&quot;],&quot;region&quot;:&quot;Asia&quot;,&quot;subregion&quot;:&quot;Western Asia&quot;,&quot;population&quot;:2994400,&quot;latlng&quot;:[40.0,45.0],&quot;demonym&quot;:&quot;Armenian&quot;,&quot;area&quot;:29743.0,&quot;gini&quot;:30.9,&quot;timezones&quot;:[&quot;UTC+04:00&quot;],&quot;borders&quot;:[&quot;AZE&quot;,&quot;GEO&quot;,&quot;IRN&quot;,&quot;TUR&quot;],&quot;nativeName&quot;:&quot;Õ€Õ¡ÕµÕ¡Õ½Õ¿Õ¡Õ¶&quot;,&quot;numericCode&quot;:&quot;051&quot;,&quot;currencies&quot;:[{&quot;code&quot;:&quot;AMD&quot;,&quot;name&quot;:&quot;Armenian dram&quot;,&quot;symbol&quot;:null}],&quot;languages&quot;:[{&quot;iso639_1&quot;:&quot;hy&quot;,&quot;iso639_2&quot;:&quot;hye&quot;,&quot;name&quot;:&quot;Armenian&quot;,&quot;nativeName&quot;:&quot;Õ€Õ¡ÕµÕ¥Ö€Õ¥Õ¶&quot;},{&quot;iso639_1&quot;:&quot;ru&quot;,&quot;iso639_2&quot;:&quot;rus&quot;,&quot;name&quot;:&quot;Russian&quot;,&quot;nativeName&quot;:&quot;Ð ÑƒÑ�Ñ�ÐºÐ¸Ð¹&quot;}],&quot;translations&quot;:{&quot;de&quot;:&quot;Armenien&quot;,&quot;es&quot;:&quot;Armenia&quot;,&quot;fr&quot;:&quot;ArmÃ©nie&quot;,&quot;ja&quot;:&quot;ã‚¢ãƒ«ãƒ¡ãƒ‹ã‚¢&quot;,&quot;it&quot;:&quot;Armenia&quot;,&quot;br&quot;:&quot;ArmÃªnia&quot;,&quot;pt&quot;:&quot;ArmÃ©nia&quot;,&quot;nl&quot;:&quot;ArmeniÃ«&quot;,&quot;hr&quot;:&quot;Armenija&quot;,&quot;fa&quot;:&quot;Ø§Ø±Ù…Ù†Ø³ØªØ§Ù†&quot;},&quot;flag&quot;:&quot;https://restcountries.eu/data/arm.svg&quot;,&quot;regionalBlocs&quot;:[{&quot;acronym&quot;:&quot;EEU&quot;,&quot;name&quot;:&quot;Eurasian Economic Union&quot;,&quot;otherAcronyms&quot;:[&quot;EAEU&quot;],&quot;otherNames&quot;:[]}],&quot;cioc&quot;:&quot;ARM&quot;},{&quot;name&quot;:&quot;Aruba&quot;,&quot;topLevelDomain&quot;:[&quot;.aw&quot;],&quot;alpha2Code&quot;:&quot;AW&quot;,&quot;alpha3Code&quot;:&quot;ABW&quot;,&quot;callingCodes&quot;:[&quot;297&quot;],&quot;capital&quot;:&quot;Oranjestad&quot;,&quot;altSpellings&quot;:[&quot;AW&quot;],&quot;region&quot;:&quot;Americas&quot;,&quot;subregion&quot;:&quot;Caribbean&quot;,&quot;population&quot;:107394,&quot;latlng&quot;:[12.5,-69.96666666],&quot;demonym&quot;:&quot;Aruban&quot;,&quot;area&quot;:180.0,&quot;gini&quot;:null,&quot;timezones&quot;:[&quot;UTC-04:00&quot;],&quot;borders&quot;:[],&quot;nativeName&quot;:&quot;Aruba&quot;,&quot;numericCode&quot;:&quot;533&quot;,&quot;currencies&quot;:[{&quot;code&quot;:&quot;AWG&quot;,&quot;name&quot;:&quot;Aruban florin&quot;,&quot;symbol&quot;:&quot;Æ’&quot;}],&quot;languages&quot;:[{&quot;iso639_1&quot;:&quot;nl&quot;,&quot;iso639_2&quot;:&quot;nld&quot;,&quot;name&quot;:&quot;Dutch&quot;,&quot;nativeName&quot;:&quot;Nederlands&quot;},{&quot;iso639_1&quot;:&quot;pa&quot;,&quot;iso639_2&quot;:&quot;pan&quot;,&quot;name&quot;:&quot;(Eastern) Punjabi&quot;,&quot;nativeName&quot;:&quot;à¨ªà©°à¨œà¨¾à¨¬à©€&quot;}],&quot;translations&quot;:{&quot;de&quot;:&quot;Aruba&quot;,&quot;es&quot;:&quot;Aruba&quot;,&quot;fr&quot;:&quot;Aruba&quot;,&quot;ja&quot;:&quot;ã‚¢ãƒ«ãƒ�&quot;,&quot;it&quot;:&quot;Aruba&quot;,&quot;br&quot;:&quot;Aruba&quot;,&quot;pt&quot;:&quot;Aruba&quot;,&quot;nl&quot;:&quot;Aruba&quot;,&quot;hr&quot;:&quot;Aruba&quot;,&quot;fa&quot;:&quot;Ø¢Ø±ÙˆØ¨Ø§&quot;},&quot;flag&quot;:&quot;https://restcountries.eu/data/abw.svg&quot;,&quot;regionalBlocs&quot;:[],&quot;cioc&quot;:&quot;ARU&quot;},{&quot;name&quot;:&quot;Australia&quot;,&quot;topLevelDomain&quot;:[&quot;.au&quot;],&quot;alpha2Code&quot;:&quot;AU&quot;,&quot;alpha3Code&quot;:&quot;AUS&quot;,&quot;callingCodes&quot;:[&quot;61&quot;],&quot;capital&quot;:&quot;Canberra&quot;,&quot;altSpellings&quot;:[&quot;AU&quot;],&quot;region&quot;:&quot;Oceania&quot;,&quot;subregion&quot;:&quot;Australia and New Zealand&quot;,&quot;population&quot;:24117360,&quot;latlng&quot;:[-27.0,133.0],&quot;demonym&quot;:&quot;Australian&quot;,&quot;area&quot;:7692024.0,&quot;gini&quot;:30.5,&quot;timezones&quot;:[&quot;UTC+05:00&quot;,&quot;UTC+06:30&quot;,&quot;UTC+07:00&quot;,&quot;UTC+08:00&quot;,&quot;UTC+09:30&quot;,&quot;UTC+10:00&quot;,&quot;UTC+10:30&quot;,&quot;UTC+11:30&quot;],&quot;borders&quot;:[],&quot;nativeName&quot;:&quot;Australia&quot;,&quot;numericCode&quot;:&quot;036&quot;,&quot;currencies&quot;:[{&quot;code&quot;:&quot;AUD&quot;,&quot;name&quot;:&quot;Australian dollar&quot;,&quot;symbol&quot;:&quot;$&quot;}],&quot;languages&quot;:[{&quot;iso639_1&quot;:&quot;en&quot;,&quot;iso639_2&quot;:&quot;eng&quot;,&quot;name&quot;:&quot;English&quot;,&quot;nativeName&quot;:&quot;English&quot;}],&quot;translations&quot;:{&quot;de&quot;:&quot;Australien&quot;,&quot;es&quot;:&quot;Australia&quot;,&quot;fr&quot;:&quot;Australie&quot;,&quot;ja&quot;:&quot;ã‚ªãƒ¼ã‚¹ãƒˆãƒ©ãƒªã‚¢&quot;,&quot;it&quot;:&quot;Australia&quot;,&quot;br&quot;:&quot;AustrÃ¡lia&quot;,&quot;pt&quot;:&quot;AustrÃ¡lia&quot;,&quot;nl&quot;:&quot;AustraliÃ«&quot;,&quot;hr&quot;:&quot;Australija&quot;,&quot;fa&quot;:&quot;Ø§Ø³ØªØ±Ø§Ù„ÛŒØ§&quot;},&quot;flag&quot;:&quot;https://restcountries.eu/data/aus.svg&quot;,&quot;regionalBlocs&quot;:[],&quot;cioc&quot;:&quot;AUS&quot;},{&quot;name&quot;:&quot;Austria&quot;,&quot;topLevelDomain&quot;:[&quot;.at&quot;],&quot;alpha2Code&quot;:&quot;AT&quot;,&quot;alpha3Code&quot;:&quot;AUT&quot;,&quot;callingCodes&quot;:[&quot;43&quot;],&quot;capital&quot;:&quot;Vienna&quot;,&quot;altSpellings&quot;:[&quot;AT&quot;,&quot;Ã–sterreich&quot;,&quot;Osterreich&quot;,&quot;Oesterreich&quot;],&quot;region&quot;:&quot;Europe&quot;,&quot;subregion&quot;:&quot;Western Europe&quot;,&quot;population&quot;:8725931,&quot;latlng&quot;:[47.33333333,13.33333333],&quot;demonym&quot;:&quot;Austrian&quot;,&quot;area&quot;:83871.0,&quot;gini&quot;:26.0,&quot;timezones&quot;:[&quot;UTC+01:00&quot;],&quot;borders&quot;:[&quot;CZE&quot;,&quot;DEU&quot;,&quot;HUN&quot;,&quot;ITA&quot;,&quot;LIE&quot;,&quot;SVK&quot;,&quot;SVN&quot;,&quot;CHE&quot;],&quot;nativeName&quot;:&quot;Ã–sterreich&quot;,&quot;numericCode&quot;:&quot;040&quot;,&quot;currencies&quot;:[{&quot;code&quot;:&quot;EUR&quot;,&quot;name&quot;:&quot;Euro&quot;,&quot;symbol&quot;:&quot;â‚¬&quot;}],&quot;languages&quot;:[{&quot;iso639_1&quot;:&quot;de&quot;,&quot;iso639_2&quot;:&quot;deu&quot;,&quot;name&quot;:&quot;German&quot;,&quot;nativeName&quot;:&quot;Deutsch&quot;}],&quot;translations&quot;:{&quot;de&quot;:&quot;Ã–sterreich&quot;,&quot;es&quot;:&quot;Austria&quot;,&quot;fr&quot;:&quot;Autriche&quot;,&quot;ja&quot;:&quot;ã‚ªãƒ¼ã‚¹ãƒˆãƒªã‚¢&quot;,&quot;it&quot;:&quot;Austria&quot;,&quot;br&quot;:&quot;Ã¡ustria&quot;,&quot;pt&quot;:&quot;Ã¡ustria&quot;,&quot;nl&quot;:&quot;Oostenrijk&quot;,&quot;hr&quot;:&quot;Austrija&quot;,&quot;fa&quot;:&quot;Ø§ØªØ±ÛŒØ´&quot;},&quot;flag&quot;:&quot;https://restcountries.eu/data/aut.svg&quot;,&quot;regionalBlocs&quot;:[{&quot;acronym&quot;:&quot;EU&quot;,&quot;name&quot;:&quot;European Union&quot;,&quot;otherAcronyms&quot;:[],&quot;otherNames&quot;:[]}],&quot;cioc&quot;:&quot;AUT&quot;},{&quot;name&quot;:&quot;Azerbaijan&quot;,&quot;topLevelDomain&quot;:[&quot;.az&quot;],&quot;alpha2Code&quot;:&quot;AZ&quot;,&quot;alpha3Code&quot;:&quot;AZE&quot;,&quot;callingCodes&quot;:[&quot;994&quot;],&quot;capital&quot;:&quot;Baku&quot;,&quot;altSpellings&quot;:[&quot;AZ&quot;,&quot;Republic of Azerbaijan&quot;,&quot;AzÉ™rbaycan RespublikasÄ±&quot;],&quot;region&quot;:&quot;Asia&quot;,&quot;subregion&quot;:&quot;Western Asia&quot;,&quot;population&quot;:9730500,&quot;latlng&quot;:[40.5,47.5],&quot;demonym&quot;:&quot;Azerbaijani&quot;,&quot;area&quot;:86600.0,&quot;gini&quot;:33.7,&quot;timezones&quot;:[&quot;UTC+04:00&quot;],&quot;borders&quot;:[&quot;ARM&quot;,&quot;GEO&quot;,&quot;IRN&quot;,&quot;RUS&quot;,&quot;TUR&quot;],&quot;nativeName&quot;:&quot;AzÉ™rbaycan&quot;,&quot;numericCode&quot;:&quot;031&quot;,&quot;currencies&quot;:[{&quot;code&quot;:&quot;AZN&quot;,&quot;name&quot;:&quot;Azerbaijani manat&quot;,&quot;symbol&quot;:null}],&quot;languages&quot;:[{&quot;iso639_1&quot;:&quot;az&quot;,&quot;iso639_2&quot;:&quot;aze&quot;,&quot;name&quot;:&quot;Azerbaijani&quot;,&quot;nativeName&quot;:&quot;azÉ™rbaycan dili&quot;}],&quot;translations&quot;:{&quot;de&quot;:&quot;Aserbaidschan&quot;,&quot;es&quot;:&quot;AzerbaiyÃ¡n&quot;,&quot;fr&quot;:&quot;AzerbaÃ¯djan&quot;,&quot;ja&quot;:&quot;ã‚¢ã‚¼ãƒ«ãƒ�ã‚¤ã‚¸ãƒ£ãƒ³&quot;,&quot;it&quot;:&quot;Azerbaijan&quot;,&quot;br&quot;:&quot;AzerbaijÃ£o&quot;,&quot;pt&quot;:&quot;AzerbaijÃ£o&quot;,&quot;nl&quot;:&quot;Azerbeidzjan&quot;,&quot;hr&quot;:&quot;AzerbajdÅ¾an&quot;,&quot;fa&quot;:&quot;Ø¢Ø°Ø±Ø¨Ø§ÛŒØ¬Ø§Ù†&quot;},&quot;flag&quot;:&quot;https://restcountries.eu/data/aze.svg&quot;,&quot;regionalBlocs&quot;:[],&quot;cioc&quot;:&quot;AZE&quot;},{&quot;name&quot;:&quot;Bahamas&quot;,&quot;topLevelDomain&quot;:[&quot;.bs&quot;],&quot;alpha2Code&quot;:&quot;BS&quot;,&quot;alpha3Code&quot;:&quot;BHS&quot;,&quot;callingCodes&quot;:[&quot;1242&quot;],&quot;capital&quot;:&quot;Nassau&quot;,&quot;altSpellings&quot;:[&quot;BS&quot;,&quot;Commonwealth of the Bahamas&quot;],&quot;region&quot;:&quot;Americas&quot;,&quot;subregion&quot;:&quot;Caribbean&quot;,&quot;population&quot;:378040,&quot;latlng&quot;:[24.25,-76.0],&quot;demonym&quot;:&quot;Bahamian&quot;,&quot;area&quot;:13943.0,&quot;gini&quot;:null,&quot;timezones&quot;:[&quot;UTC-05:00&quot;],&quot;borders&quot;:[],&quot;nativeName&quot;:&quot;Bahamas&quot;,&quot;numericCode&quot;:&quot;044&quot;,&quot;currencies&quot;:[{&quot;code&quot;:&quot;BSD&quot;,&quot;name&quot;:&quot;Bahamian dollar&quot;,&quot;symbol&quot;:&quot;$&quot;}],&quot;languages&quot;:[{&quot;iso639_1&quot;:&quot;en&quot;,&quot;iso639_2&quot;:&quot;eng&quot;,&quot;name&quot;:&quot;English&quot;,&quot;nativeName&quot;:&quot;English&quot;}],&quot;translations&quot;:{&quot;de&quot;:&quot;Bahamas&quot;,&quot;es&quot;:&quot;Bahamas&quot;,&quot;fr&quot;:&quot;Bahamas&quot;,&quot;ja&quot;:&quot;ãƒ�ãƒ�ãƒž&quot;,&quot;it&quot;:&quot;Bahamas&quot;,&quot;br&quot;:&quot;Bahamas&quot;,&quot;pt&quot;:&quot;Baamas&quot;,&quot;nl&quot;:&quot;Bahamaâ€™s&quot;,&quot;hr&quot;:&quot;Bahami&quot;,&quot;fa&quot;:&quot;Ø¨Ø§Ù‡Ø§Ù…Ø§&quot;},&quot;flag&quot;:&quot;https://restcountries.eu/data/bhs.svg&quot;,&quot;regionalBlocs&quot;:[{&quot;acronym&quot;:&quot;CARICOM&quot;,&quot;name&quot;:&quot;Caribbean Community&quot;,&quot;otherAcronyms&quot;:[],&quot;otherNames&quot;:[&quot;Comunidad del Caribe&quot;,&quot;CommunautÃ© CaribÃ©enne&quot;,&quot;Caribische Gemeenschap&quot;]}],&quot;cioc&quot;:&quot;BAH&quot;},{&quot;name&quot;:&quot;Bahrain&quot;,&quot;topLevelDomain&quot;:[&quot;.bh&quot;],&quot;alpha2Code&quot;:&quot;BH&quot;,&quot;alpha3Code&quot;:&quot;BHR&quot;,&quot;callingCodes&quot;:[&quot;973&quot;],&quot;capital&quot;:&quot;Manama&quot;,&quot;altSpellings&quot;:[&quot;BH&quot;,&quot;Kingdom of Bahrain&quot;,&quot;Mamlakat al-Baá¸¥rayn&quot;],&quot;region&quot;:&quot;Asia&quot;,&quot;subregion&quot;:&quot;Western Asia&quot;,&quot;population&quot;:1404900,&quot;latlng&quot;:[26.0,50.55],&quot;demonym&quot;:&quot;Bahraini&quot;,&quot;area&quot;:765.0,&quot;gini&quot;:null,&quot;timezones&quot;:[&quot;UTC+03:00&quot;],&quot;borders&quot;:[],&quot;nativeName&quot;:&quot;â€�Ø§Ù„Ø¨Ø­Ø±ÙŠÙ†&quot;,&quot;numericCode&quot;:&quot;048&quot;,&quot;currencies&quot;:[{&quot;code&quot;:&quot;BHD&quot;,&quot;name&quot;:&quot;Bahraini dinar&quot;,&quot;symbol&quot;:&quot;.Ø¯.Ø¨&quot;}],&quot;languages&quot;:[{&quot;iso639_1&quot;:&quot;ar&quot;,&quot;iso639_2&quot;:&quot;ara&quot;,&quot;name&quot;:&quot;Arabic&quot;,&quot;nativeName&quot;:&quot;Ø§Ù„Ø¹Ø±Ø¨ÙŠØ©&quot;}],&quot;translations&quot;:{&quot;de&quot;:&quot;Bahrain&quot;,&quot;es&quot;:&quot;Bahrein&quot;,&quot;fr&quot;:&quot;BahreÃ¯n&quot;,&quot;ja&quot;:&quot;ãƒ�ãƒ¼ãƒ¬ãƒ¼ãƒ³&quot;,&quot;it&quot;:&quot;Bahrein&quot;,&quot;br&quot;:&quot;Bahrein&quot;,&quot;pt&quot;:&quot;BarÃ©m&quot;,&quot;nl&quot;:&quot;Bahrein&quot;,&quot;hr&quot;:&quot;Bahrein&quot;,&quot;fa&quot;:&quot;Ø¨Ø­Ø±ÛŒÙ†&quot;},&quot;flag&quot;:&quot;https://restcountries.eu/data/bhr.svg&quot;,&quot;regionalBlocs&quot;:[{&quot;acronym&quot;:&quot;AL&quot;,&quot;name&quot;:&quot;Arab League&quot;,&quot;otherAcronyms&quot;:[],&quot;otherNames&quot;:[&quot;Ø¬Ø§Ù…Ø¹Ø© Ø§Ù„Ø¯ÙˆÙ„ Ø§Ù„Ø¹Ø±Ø¨ÙŠØ©&quot;,&quot;JÄ�miÊ»at ad-Duwal al-Ê»ArabÄ«yah&quot;,&quot;League of Arab States&quot;]}],&quot;cioc&quot;:&quot;BRN&quot;},{&quot;name&quot;:&quot;Bangladesh&quot;,&quot;topLevelDomain&quot;:[&quot;.bd&quot;],&quot;alpha2Code&quot;:&quot;BD&quot;,&quot;alpha3Code&quot;:&quot;BGD&quot;,&quot;callingCodes&quot;:[&quot;880&quot;],&quot;capital&quot;:&quot;Dhaka&quot;,&quot;altSpellings&quot;:[&quot;BD&quot;,&quot;People&apos;s Republic of Bangladesh&quot;,&quot;GÃ´nÃ´prÃ´jatÃ´ntri Bangladesh&quot;],&quot;region&quot;:&quot;Asia&quot;,&quot;subregion&quot;:&quot;Southern Asia&quot;,&quot;population&quot;:161006790,&quot;latlng&quot;:[24.0,90.0],&quot;demonym&quot;:&quot;Bangladeshi&quot;,&quot;area&quot;:147570.0,&quot;gini&quot;:32.1,&quot;timezones&quot;:[&quot;UTC+06:00&quot;],&quot;borders&quot;:[&quot;MMR&quot;,&quot;IND&quot;],&quot;nativeName&quot;:&quot;Bangladesh&quot;,&quot;numericCode&quot;:&quot;050&quot;,&quot;currencies&quot;:[{&quot;code&quot;:&quot;BDT&quot;,&quot;name&quot;:&quot;Bangladeshi taka&quot;,&quot;symbol&quot;:&quot;à§³&quot;}],&quot;languages&quot;:[{&quot;iso639_1&quot;:&quot;bn&quot;,&quot;iso639_2&quot;:&quot;ben&quot;,&quot;name&quot;:&quot;Bengali&quot;,&quot;nativeName&quot;:&quot;à¦¬à¦¾à¦‚à¦²à¦¾&quot;}],&quot;translations&quot;:{&quot;de&quot;:&quot;Bangladesch&quot;,&quot;es&quot;:&quot;Bangladesh&quot;,&quot;fr&quot;:&quot;Bangladesh&quot;,&quot;ja&quot;:&quot;ãƒ�ãƒ³ã‚°ãƒ©ãƒ‡ã‚·ãƒ¥&quot;,&quot;it&quot;:&quot;Bangladesh&quot;,&quot;br&quot;:&quot;Bangladesh&quot;,&quot;pt&quot;:&quot;Bangladeche&quot;,&quot;nl&quot;:&quot;Bangladesh&quot;,&quot;hr&quot;:&quot;BangladeÅ¡&quot;,&quot;fa&quot;:&quot;Ø¨Ù†Ú¯Ù„Ø§Ø¯Ø´&quot;},&quot;flag&quot;:&quot;https://restcountries.eu/data/bgd.svg&quot;,&quot;regionalBlocs&quot;:[{&quot;acronym&quot;:&quot;SAARC&quot;,&quot;name&quot;:&quot;South Asian Association for Regional Cooperation&quot;,&quot;otherAcronyms&quot;:[],&quot;otherNames&quot;:[]}],&quot;cioc&quot;:&quot;BAN&quot;},{&quot;name&quot;:&quot;Barbados&quot;,&quot;topLevelDomain&quot;:[&quot;.bb&quot;],&quot;alpha2Code&quot;:&quot;BB&quot;,&quot;alpha3Code&quot;:&quot;BRB&quot;,&quot;callingCodes&quot;:[&quot;1246&quot;],&quot;capital&quot;:&quot;Bridgetown&quot;,&quot;altSpellings&quot;:[&quot;BB&quot;],&quot;region&quot;:&quot;Americas&quot;,&quot;subregion&quot;:&quot;Caribbean&quot;,&quot;population&quot;:285000,&quot;latlng&quot;:[13.16666666,-59.53333333],&quot;demonym&quot;:&quot;Barbadian&quot;,&quot;area&quot;:430.0,&quot;gini&quot;:null,&quot;timezones&quot;:[&quot;UTC-04:00&quot;],&quot;borders&quot;:[],&quot;nativeName&quot;:&quot;Barbados&quot;,&quot;numericCode&quot;:&quot;052&quot;,&quot;currencies&quot;:[{&quot;code&quot;:&quot;BBD&quot;,&quot;name&quot;:&quot;Barbadian dollar&quot;,&quot;symbol&quot;:&quot;$&quot;}],&quot;languages&quot;:[{&quot;iso639_1&quot;:&quot;en&quot;,&quot;iso639_2&quot;:&quot;eng&quot;,&quot;name&quot;:&quot;English&quot;,&quot;nativeName&quot;:&quot;English&quot;}],&quot;translations&quot;:{&quot;de&quot;:&quot;Barbados&quot;,&quot;es&quot;:&quot;Barbados&quot;,&quot;fr&quot;:&quot;Barbade&quot;,&quot;ja&quot;:&quot;ãƒ�ãƒ«ãƒ�ãƒ‰ã‚¹&quot;,&quot;it&quot;:&quot;Barbados&quot;,&quot;br&quot;:&quot;Barbados&quot;,&quot;pt&quot;:&quot;Barbados&quot;,&quot;nl&quot;:&quot;Barbados&quot;,&quot;hr&quot;:&quot;Barbados&quot;,&quot;fa&quot;:&quot;Ø¨Ø§Ø±Ø¨Ø§Ø¯ÙˆØ³&quot;},&quot;flag&quot;:&quot;https://restcountries.eu/data/brb.svg&quot;,&quot;regionalBlocs&quot;:[{&quot;acronym&quot;:&quot;CARICOM&quot;,&quot;name&quot;:&quot;Caribbean Community&quot;,&quot;otherAcronyms&quot;:[],&quot;otherNames&quot;:[&quot;Comunidad del Caribe&quot;,&quot;CommunautÃ© CaribÃ©enne&quot;,&quot;Caribische Gemeenschap&quot;]}],&quot;cioc&quot;:&quot;BAR&quot;},{&quot;name&quot;:&quot;Belarus&quot;,&quot;topLevelDomain&quot;:[&quot;.by&quot;],&quot;alpha2Code&quot;:&quot;BY&quot;,&quot;alpha3Code&quot;:&quot;BLR&quot;,&quot;callingCodes&quot;:[&quot;375&quot;],&quot;capital&quot;:&quot;Minsk&quot;,&quot;altSpellings&quot;:[&quot;BY&quot;,&quot;BielaruÅ›&quot;,&quot;Republic of Belarus&quot;,&quot;Ð‘ÐµÐ»Ð¾Ñ€ÑƒÑ�Ñ�Ð¸Ñ�&quot;,&quot;Ð ÐµÑ�Ð¿ÑƒÐ±Ð»Ð¸ÐºÐ° Ð‘ÐµÐ»Ð°Ñ€ÑƒÑ�ÑŒ&quot;,&quot;Belorussiya&quot;,&quot;Respublika Belarusâ€™&quot;],&quot;region&quot;:&quot;Europe&quot;,&quot;subregion&quot;:&quot;Eastern Europe&quot;,&quot;population&quot;:9498700,&quot;latlng&quot;:[53.0,28.0],&quot;demonym&quot;:&quot;Belarusian&quot;,&quot;area&quot;:207600.0,&quot;gini&quot;:26.5,&quot;timezones&quot;:[&quot;UTC+03:00&quot;],&quot;borders&quot;:[&quot;LVA&quot;,&quot;LTU&quot;,&quot;POL&quot;,&quot;RUS&quot;,&quot;UKR&quot;],&quot;nativeName&quot;:&quot;Ð‘ÐµÐ»Ð°Ñ€ÑƒÌ�Ñ�ÑŒ&quot;,&quot;numericCode&quot;:&quot;112&quot;,&quot;currencies&quot;:[{&quot;code&quot;:&quot;BYN&quot;,&quot;name&quot;:&quot;New Belarusian ruble&quot;,&quot;symbol&quot;:&quot;Br&quot;},{&quot;code&quot;:&quot;BYR&quot;,&quot;name&quot;:&quot;Old Belarusian ruble&quot;,&quot;symbol&quot;:&quot;Br&quot;}],&quot;languages&quot;:[{&quot;iso639_1&quot;:&quot;be&quot;,&quot;iso639_2&quot;:&quot;bel&quot;,&quot;name&quot;:&quot;Belarusian&quot;,&quot;nativeName&quot;:&quot;Ð±ÐµÐ»Ð°Ñ€ÑƒÑ�ÐºÐ°Ñ� Ð¼Ð¾Ð²Ð°&quot;},{&quot;iso639_1&quot;:&quot;ru&quot;,&quot;iso639_2&quot;:&quot;rus&quot;,&quot;name&quot;:&quot;Russian&quot;,&quot;nativeName&quot;:&quot;Ð ÑƒÑ�Ñ�ÐºÐ¸Ð¹&quot;}],&quot;translations&quot;:{&quot;de&quot;:&quot;WeiÃŸrussland&quot;,&quot;es&quot;:&quot;Bielorrusia&quot;,&quot;fr&quot;:&quot;BiÃ©lorussie&quot;,&quot;ja&quot;:&quot;ãƒ™ãƒ©ãƒ«ãƒ¼ã‚·&quot;,&quot;it&quot;:&quot;Bielorussia&quot;,&quot;br&quot;:&quot;BielorrÃºssia&quot;,&quot;pt&quot;:&quot;BielorrÃºssia&quot;,&quot;nl&quot;:&quot;Wit-Rusland&quot;,&quot;hr&quot;:&quot;Bjelorusija&quot;,&quot;fa&quot;:&quot;Ø¨Ù„Ø§Ø±ÙˆØ³&quot;},&quot;flag&quot;:&quot;https://restcountries.eu/data/blr.svg&quot;,&quot;regionalBlocs&quot;:[{&quot;acronym&quot;:&quot;EEU&quot;,&quot;name&quot;:&quot;Eurasian Economic Union&quot;,&quot;otherAcronyms&quot;:[&quot;EAEU&quot;],&quot;otherNames&quot;:[]}],&quot;cioc&quot;:&quot;BLR&quot;},{&quot;name&quot;:&quot;Belgium&quot;,&quot;topLevelDomain&quot;:[&quot;.be&quot;],&quot;alpha2Code&quot;:&quot;BE&quot;,&quot;alpha3Code&quot;:&quot;BEL&quot;,&quot;callingCodes&quot;:[&quot;32&quot;],&quot;capital&quot;:&quot;Brussels&quot;,&quot;altSpellings&quot;:[&quot;BE&quot;,&quot;BelgiÃ«&quot;,&quot;Belgie&quot;,&quot;Belgien&quot;,&quot;Belgique&quot;,&quot;Kingdom of Belgium&quot;,&quot;Koninkrijk BelgiÃ«&quot;,&quot;Royaume de Belgique&quot;,&quot;KÃ¶nigreich Belgien&quot;],&quot;region&quot;:&quot;Europe&quot;,&quot;subregion&quot;:&quot;Western Europe&quot;,&quot;population&quot;:11319511,&quot;latlng&quot;:[50.83333333,4.0],&quot;demonym&quot;:&quot;Belgian&quot;,&quot;area&quot;:30528.0,&quot;gini&quot;:33.0,&quot;timezones&quot;:[&quot;UTC+01:00&quot;],&quot;borders&quot;:[&quot;FRA&quot;,&quot;DEU&quot;,&quot;LUX&quot;,&quot;NLD&quot;],&quot;nativeName&quot;:&quot;BelgiÃ«&quot;,&quot;numericCode&quot;:&quot;056&quot;,&quot;currencies&quot;:[{&quot;code&quot;:&quot;EUR&quot;,&quot;name&quot;:&quot;Euro&quot;,&quot;symbol&quot;:&quot;â‚¬&quot;}],&quot;languages&quot;:[{&quot;iso639_1&quot;:&quot;nl&quot;,&quot;iso639_2&quot;:&quot;nld&quot;,&quot;name&quot;:&quot;Dutch&quot;,&quot;nativeName&quot;:&quot;Nederlands&quot;},{&quot;iso639_1&quot;:&quot;fr&quot;,&quot;iso639_2&quot;:&quot;fra&quot;,&quot;name&quot;:&quot;French&quot;,&quot;nativeName&quot;:&quot;franÃ§ais&quot;},{&quot;iso639_1&quot;:&quot;de&quot;,&quot;iso639_2&quot;:&quot;deu&quot;,&quot;name&quot;:&quot;German&quot;,&quot;nativeName&quot;:&quot;Deutsch&quot;}],&quot;translations&quot;:{&quot;de&quot;:&quot;Belgien&quot;,&quot;es&quot;:&quot;BÃ©lgica&quot;,&quot;fr&quot;:&quot;Belgique&quot;,&quot;ja&quot;:&quot;ãƒ™ãƒ«ã‚®ãƒ¼&quot;,&quot;it&quot;:&quot;Belgio&quot;,&quot;br&quot;:&quot;BÃ©lgica&quot;,&quot;pt&quot;:&quot;BÃ©lgica&quot;,&quot;nl&quot;:&quot;BelgiÃ«&quot;,&quot;hr&quot;:&quot;Belgija&quot;,&quot;fa&quot;:&quot;Ø¨Ù„Ú˜ÛŒÚ©&quot;},&quot;flag&quot;:&quot;https://restcountries.eu/data/bel.svg&quot;,&quot;regionalBlocs&quot;:[{&quot;acronym&quot;:&quot;EU&quot;,&quot;name&quot;:&quot;European Union&quot;,&quot;otherAcronyms&quot;:[],&quot;otherNames&quot;:[]}],&quot;cioc&quot;:&quot;BEL&quot;},{&quot;name&quot;:&quot;Belize&quot;,&quot;topLevelDomain&quot;:[&quot;.bz&quot;],&quot;alpha2Code&quot;:&quot;BZ&quot;,&quot;alpha3Code&quot;:&quot;BLZ&quot;,&quot;callingCodes&quot;:[&quot;501&quot;],&quot;capital&quot;:&quot;Belmopan&quot;,&quot;altSpellings&quot;:[&quot;BZ&quot;],&quot;region&quot;:&quot;Americas&quot;,&quot;subregion&quot;:&quot;Central America&quot;,&quot;population&quot;:370300,&quot;latlng&quot;:[17.25,-88.75],&quot;demonym&quot;:&quot;Belizean&quot;,&quot;area&quot;:22966.0,&quot;gini&quot;:53.1,&quot;timezones&quot;:[&quot;UTC-06:00&quot;],&quot;borders&quot;:[&quot;GTM&quot;,&quot;MEX&quot;],&quot;nativeName&quot;:&quot;Belize&quot;,&quot;numericCode&quot;:&quot;084&quot;,&quot;currencies&quot;:[{&quot;code&quot;:&quot;BZD&quot;,&quot;name&quot;:&quot;Belize dollar&quot;,&quot;symbol&quot;:&quot;$&quot;}],&quot;languages&quot;:[{&quot;iso639_1&quot;:&quot;en&quot;,&quot;iso639_2&quot;:&quot;eng&quot;,&quot;name&quot;:&quot;English&quot;,&quot;nativeName&quot;:&quot;English&quot;},{&quot;iso639_1&quot;:&quot;es&quot;,&quot;iso639_2&quot;:&quot;spa&quot;,&quot;name&quot;:&quot;Spanish&quot;,&quot;nativeName&quot;:&quot;EspaÃ±ol&quot;}],&quot;translations&quot;:{&quot;de&quot;:&quot;Belize&quot;,&quot;es&quot;:&quot;Belice&quot;,&quot;fr&quot;:&quot;Belize&quot;,&quot;ja&quot;:&quot;ãƒ™ãƒªãƒ¼ã‚º&quot;,&quot;it&quot;:&quot;Belize&quot;,&quot;br&quot;:&quot;Belize&quot;,&quot;pt&quot;:&quot;Belize&quot;,&quot;nl&quot;:&quot;Belize&quot;,&quot;hr&quot;:&quot;Belize&quot;,&quot;fa&quot;:&quot;Ø¨Ù„ÛŒØ²&quot;},&quot;flag&quot;:&quot;https://restcountries.eu/data/blz.svg&quot;,&quot;regionalBlocs&quot;:[{&quot;acronym&quot;:&quot;CARICOM&quot;,&quot;name&quot;:&quot;Caribbean Community&quot;,&quot;otherAcronyms&quot;:[],&quot;otherNames&quot;:[&quot;Comunidad del Caribe&quot;,&quot;CommunautÃ© CaribÃ©enne&quot;,&quot;Caribische Gemeenschap&quot;]},{&quot;acronym&quot;:&quot;CAIS&quot;,&quot;name&quot;:&quot;Central American Integration System&quot;,&quot;otherAcronyms&quot;:[&quot;SICA&quot;],&quot;otherNames&quot;:[&quot;Sistema de la IntegraciÃ³n Centroamericana,&quot;]}],&quot;cioc&quot;:&quot;BIZ&quot;},{&quot;name&quot;:&quot;Benin&quot;,&quot;topLevelDomain&quot;:[&quot;.bj&quot;],&quot;alpha2Code&quot;:&quot;BJ&quot;,&quot;alpha3Code&quot;:&quot;BEN&quot;,&quot;callingCodes&quot;:[&quot;229&quot;],&quot;capital&quot;:&quot;Porto-Novo&quot;,&quot;altSpellings&quot;:[&quot;BJ&quot;,&quot;Republic of Benin&quot;,&quot;RÃ©publique du BÃ©nin&quot;],&quot;region&quot;:&quot;Africa&quot;,&quot;subregion&quot;:&quot;Western Africa&quot;,&quot;population&quot;:10653654,&quot;latlng&quot;:[9.5,2.25],&quot;demonym&quot;:&quot;Beninese&quot;,&quot;area&quot;:112622.0,&quot;gini&quot;:38.6,&quot;timezones&quot;:[&quot;UTC+01:00&quot;],&quot;borders&quot;:[&quot;BFA&quot;,&quot;NER&quot;,&quot;NGA&quot;,&quot;TGO&quot;],&quot;nativeName&quot;:&quot;BÃ©nin&quot;,&quot;numericCode&quot;:&quot;204&quot;,&quot;currencies&quot;:[{&quot;code&quot;:&quot;XOF&quot;,&quot;name&quot;:&quot;West African CFA franc&quot;,&quot;symbol&quot;:&quot;Fr&quot;}],&quot;languages&quot;:[{&quot;iso639_1&quot;:&quot;fr&quot;,&quot;iso639_2&quot;:&quot;fra&quot;,&quot;name&quot;:&quot;French&quot;,&quot;nativeName&quot;:&quot;franÃ§ais&quot;}],&quot;translations&quot;:{&quot;de&quot;:&quot;Benin&quot;,&quot;es&quot;:&quot;BenÃ­n&quot;,&quot;fr&quot;:&quot;BÃ©nin&quot;,&quot;ja&quot;:&quot;ãƒ™ãƒŠãƒ³&quot;,&quot;it&quot;:&quot;Benin&quot;,&quot;br&quot;:&quot;Benin&quot;,&quot;pt&quot;:&quot;Benim&quot;,&quot;nl&quot;:&quot;Benin&quot;,&quot;hr&quot;:&quot;Benin&quot;,&quot;fa&quot;:&quot;Ø¨Ù†ÛŒÙ†&quot;},&quot;flag&quot;:&quot;https://restcountries.eu/data/ben.svg&quot;,&quot;regionalBlocs&quot;:[{&quot;acronym&quot;:&quot;AU&quot;,&quot;name&quot;:&quot;African Union&quot;,&quot;otherAcronyms&quot;:[],&quot;otherNames&quot;:[&quot;Ø§Ù„Ø§ØªØ­Ø§Ø¯ Ø§Ù„Ø£Ù�Ø±ÙŠÙ‚ÙŠ&quot;,&quot;Union africaine&quot;,&quot;UniÃ£o Africana&quot;,&quot;UniÃ³n Africana&quot;,&quot;Umoja wa Afrika&quot;]}],&quot;cioc&quot;:&quot;BEN&quot;},{&quot;name&quot;:&quot;Bermuda&quot;,&quot;topLevelDomain&quot;:[&quot;.bm&quot;],&quot;alpha2Code&quot;:&quot;BM&quot;,&quot;alpha3Code&quot;:&quot;BMU&quot;,&quot;callingCodes&quot;:[&quot;1441&quot;],&quot;capital&quot;:&quot;Hamilton&quot;,&quot;altSpellings&quot;:[&quot;BM&quot;,&quot;The Islands of Bermuda&quot;,&quot;The Bermudas&quot;,&quot;Somers Isles&quot;],&quot;region&quot;:&quot;Americas&quot;,&quot;subregion&quot;:&quot;Northern America&quot;,&quot;population&quot;:61954,&quot;latlng&quot;:[32.33333333,-64.75],&quot;demonym&quot;:&quot;Bermudian&quot;,&quot;ar
[...]
;:&quot;Wallis und Futuna&quot;,&quot;es&quot;:&quot;Wallis y Futuna&quot;,&quot;fr&quot;:&quot;Wallis-et-Futuna&quot;,&quot;ja&quot;:&quot;ã‚¦ã‚©ãƒªã‚¹ãƒ»ãƒ•ãƒ„ãƒŠ&quot;,&quot;it&quot;:&quot;Wallis e Futuna&quot;,&quot;br&quot;:&quot;Wallis e Futuna&quot;,&quot;pt&quot;:&quot;Wallis e Futuna&quot;,&quot;nl&quot;:&quot;Wallis en Futuna&quot;,&quot;hr&quot;:&quot;Wallis i Fortuna&quot;,&quot;fa&quot;:&quot;ÙˆØ§Ù„ÛŒØ³ Ùˆ Ù�ÙˆØªÙˆÙ†Ø§&quot;},&quot;flag&quot;:&quot;https://restcountries.eu/data/wlf.svg&quot;,&quot;regionalBlocs&quot;:[],&quot;cioc&quot;:&quot;&quot;},{&quot;name&quot;:&quot;Western Sahara&quot;,&quot;topLevelDomain&quot;:[&quot;.eh&quot;],&quot;alpha2Code&quot;:&quot;EH&quot;,&quot;alpha3Code&quot;:&quot;ESH&quot;,&quot;callingCodes&quot;:[&quot;212&quot;],&quot;capital&quot;:&quot;El AaiÃºn&quot;,&quot;altSpellings&quot;:[&quot;EH&quot;,&quot;Taneáº“roft Tutrimt&quot;],&quot;region&quot;:&quot;Africa&quot;,&quot;subregion&quot;:&quot;Northern Africa&quot;,&quot;population&quot;:510713,&quot;latlng&quot;:[24.5,-13.0],&quot;demonym&quot;:&quot;Sahrawi&quot;,&quot;area&quot;:266000.0,&quot;gini&quot;:null,&quot;timezones&quot;:[&quot;UTC+00:00&quot;],&quot;borders&quot;:[&quot;DZA&quot;,&quot;MRT&quot;,&quot;MAR&quot;],&quot;nativeName&quot;:&quot;Ø§Ù„ØµØ­Ø±Ø§Ø¡ Ø§Ù„ØºØ±Ø¨ÙŠØ©&quot;,&quot;numericCode&quot;:&quot;732&quot;,&quot;currencies&quot;:[{&quot;code&quot;:&quot;MAD&quot;,&quot;name&quot;:&quot;Moroccan dirham&quot;,&quot;symbol&quot;:&quot;Ø¯.Ù….&quot;},{&quot;code&quot;:&quot;DZD&quot;,&quot;name&quot;:&quot;Algerian dinar&quot;,&quot;symbol&quot;:&quot;Ø¯.Ø¬&quot;}],&quot;languages&quot;:[{&quot;iso639_1&quot;:&quot;es&quot;,&quot;iso639_2&quot;:&quot;spa&quot;,&quot;name&quot;:&quot;Spanish&quot;,&quot;nativeName&quot;:&quot;EspaÃ±ol&quot;}],&quot;translations&quot;:{&quot;de&quot;:&quot;Westsahara&quot;,&quot;es&quot;:&quot;Sahara Occidental&quot;,&quot;fr&quot;:&quot;Sahara Occidental&quot;,&quot;ja&quot;:&quot;è¥¿ã‚µãƒ�ãƒ©&quot;,&quot;it&quot;:&quot;Sahara Occidentale&quot;,&quot;br&quot;:&quot;Saara Ocidental&quot;,&quot;pt&quot;:&quot;Saara Ocidental&quot;,&quot;nl&quot;:&quot;Westelijke Sahara&quot;,&quot;hr&quot;:&quot;Zapadna Sahara&quot;,&quot;fa&quot;:&quot;Ø¬Ù…Ù‡ÙˆØ±ÛŒ Ø¯Ù…ÙˆÚ©Ø±Ø§ØªÛŒÚ© Ø¹Ø±Ø¨ÛŒ ØµØ­Ø±Ø§&quot;},&quot;flag&quot;:&quot;https://restcountries.eu/data/esh.svg&quot;,&quot;regionalBlocs&quot;:[{&quot;acronym&quot;:&quot;AU&quot;,&quot;name&quot;:&quot;African Union&quot;,&quot;otherAcronyms&quot;:[],&quot;otherNames&quot;:[&quot;Ø§Ù„Ø§ØªØ­Ø§Ø¯ Ø§Ù„Ø£Ù�Ø±ÙŠÙ‚ÙŠ&quot;,&quot;Union africaine&quot;,&quot;UniÃ£o Africana&quot;,&quot;UniÃ³n Africana&quot;,&quot;Umoja wa Afrika&quot;]}],&quot;cioc&quot;:&quot;&quot;},{&quot;name&quot;:&quot;Yemen&quot;,&quot;topLevelDomain&quot;:[&quot;.ye&quot;],&quot;alpha2Code&quot;:&quot;YE&quot;,&quot;alpha3Code&quot;:&quot;YEM&quot;,&quot;callingCodes&quot;:[&quot;967&quot;],&quot;capital&quot;:&quot;Sana&apos;a&quot;,&quot;altSpellings&quot;:[&quot;YE&quot;,&quot;Yemeni Republic&quot;,&quot;al-JumhÅ«riyyah al-Yamaniyyah&quot;],&quot;region&quot;:&quot;Asia&quot;,&quot;subregion&quot;:&quot;Western Asia&quot;,&quot;population&quot;:27478000,&quot;latlng&quot;:[15.0,48.0],&quot;demonym&quot;:&quot;Yemeni&quot;,&quot;area&quot;:527968.0,&quot;gini&quot;:37.7,&quot;timezones&quot;:[&quot;UTC+03:00&quot;],&quot;borders&quot;:[&quot;OMN&quot;,&quot;SAU&quot;],&quot;nativeName&quot;:&quot;Ø§Ù„ÙŠÙŽÙ…ÙŽÙ†&quot;,&quot;numericCode&quot;:&quot;887&quot;,&quot;currencies&quot;:[{&quot;code&quot;:&quot;YER&quot;,&quot;name&quot;:&quot;Yemeni rial&quot;,&quot;symbol&quot;:&quot;ï·¼&quot;}],&quot;languages&quot;:[{&quot;iso639_1&quot;:&quot;ar&quot;,&quot;iso639_2&quot;:&quot;ara&quot;,&quot;name&quot;:&quot;Arabic&quot;,&quot;nativeName&quot;:&quot;Ø§Ù„Ø¹Ø±Ø¨ÙŠØ©&quot;}],&quot;translations&quot;:{&quot;de&quot;:&quot;Jemen&quot;,&quot;es&quot;:&quot;Yemen&quot;,&quot;fr&quot;:&quot;YÃ©men&quot;,&quot;ja&quot;:&quot;ã‚¤ã‚¨ãƒ¡ãƒ³&quot;,&quot;it&quot;:&quot;Yemen&quot;,&quot;br&quot;:&quot;IÃªmen&quot;,&quot;pt&quot;:&quot;IÃ©men&quot;,&quot;nl&quot;:&quot;Jemen&quot;,&quot;hr&quot;:&quot;Jemen&quot;,&quot;fa&quot;:&quot;ÛŒÙ…Ù†&quot;},&quot;flag&quot;:&quot;https://restcountries.eu/data/yem.svg&quot;,&quot;regionalBlocs&quot;:[{&quot;acronym&quot;:&quot;AL&quot;,&quot;name&quot;:&quot;Arab League&quot;,&quot;otherAcronyms&quot;:[],&quot;otherNames&quot;:[&quot;Ø¬Ø§Ù…Ø¹Ø© Ø§Ù„Ø¯ÙˆÙ„ Ø§Ù„Ø¹Ø±Ø¨ÙŠØ©&quot;,&quot;JÄ�miÊ»at ad-Duwal al-Ê»ArabÄ«yah&quot;,&quot;League of Arab States&quot;]}],&quot;cioc&quot;:&quot;YEM&quot;},{&quot;name&quot;:&quot;Zambia&quot;,&quot;topLevelDomain&quot;:[&quot;.zm&quot;],&quot;alpha2Code&quot;:&quot;ZM&quot;,&quot;alpha3Code&quot;:&quot;ZMB&quot;,&quot;callingCodes&quot;:[&quot;260&quot;],&quot;capital&quot;:&quot;Lusaka&quot;,&quot;altSpellings&quot;:[&quot;ZM&quot;,&quot;Republic of Zambia&quot;],&quot;region&quot;:&quot;Africa&quot;,&quot;subregion&quot;:&quot;Eastern Africa&quot;,&quot;population&quot;:15933883,&quot;latlng&quot;:[-15.0,30.0],&quot;demonym&quot;:&quot;Zambian&quot;,&quot;area&quot;:752612.0,&quot;gini&quot;:54.6,&quot;timezones&quot;:[&quot;UTC+02:00&quot;],&quot;borders&quot;:[&quot;AGO&quot;,&quot;BWA&quot;,&quot;COD&quot;,&quot;MWI&quot;,&quot;MOZ&quot;,&quot;NAM&quot;,&quot;TZA&quot;,&quot;ZWE&quot;],&quot;nativeName&quot;:&quot;Zambia&quot;,&quot;numericCode&quot;:&quot;894&quot;,&quot;currencies&quot;:[{&quot;code&quot;:&quot;ZMW&quot;,&quot;name&quot;:&quot;Zambian kwacha&quot;,&quot;symbol&quot;:&quot;ZK&quot;}],&quot;languages&quot;:[{&quot;iso639_1&quot;:&quot;en&quot;,&quot;iso639_2&quot;:&quot;eng&quot;,&quot;name&quot;:&quot;English&quot;,&quot;nativeName&quot;:&quot;English&quot;}],&quot;translations&quot;:{&quot;de&quot;:&quot;Sambia&quot;,&quot;es&quot;:&quot;Zambia&quot;,&quot;fr&quot;:&quot;Zambie&quot;,&quot;ja&quot;:&quot;ã‚¶ãƒ³ãƒ“ã‚¢&quot;,&quot;it&quot;:&quot;Zambia&quot;,&quot;br&quot;:&quot;ZÃ¢mbia&quot;,&quot;pt&quot;:&quot;ZÃ¢mbia&quot;,&quot;nl&quot;:&quot;Zambia&quot;,&quot;hr&quot;:&quot;Zambija&quot;,&quot;fa&quot;:&quot;Ø²Ø§Ù…Ø¨ÛŒØ§&quot;},&quot;flag&quot;:&quot;https://restcountries.eu/data/zmb.svg&quot;,&quot;regionalBlocs&quot;:[{&quot;acronym&quot;:&quot;AU&quot;,&quot;name&quot;:&quot;African Union&quot;,&quot;otherAcronyms&quot;:[],&quot;otherNames&quot;:[&quot;Ø§Ù„Ø§ØªØ­Ø§Ø¯ Ø§Ù„Ø£Ù�Ø±ÙŠÙ‚ÙŠ&quot;,&quot;Union africaine&quot;,&quot;UniÃ£o Africana&quot;,&quot;UniÃ³n Africana&quot;,&quot;Umoja wa Afrika&quot;]}],&quot;cioc&quot;:&quot;ZAM&quot;},{&quot;name&quot;:&quot;Zimbabwe&quot;,&quot;topLevelDomain&quot;:[&quot;.zw&quot;],&quot;alpha2Code&quot;:&quot;ZW&quot;,&quot;alpha3Code&quot;:&quot;ZWE&quot;,&quot;callingCodes&quot;:[&quot;263&quot;],&quot;capital&quot;:&quot;Harare&quot;,&quot;altSpellings&quot;:[&quot;ZW&quot;,&quot;Republic of Zimbabwe&quot;],&quot;region&quot;:&quot;Africa&quot;,&quot;subregion&quot;:&quot;Eastern Africa&quot;,&quot;population&quot;:14240168,&quot;latlng&quot;:[-20.0,30.0],&quot;demonym&quot;:&quot;Zimbabwean&quot;,&quot;area&quot;:390757.0,&quot;gini&quot;:null,&quot;timezones&quot;:[&quot;UTC+02:00&quot;],&quot;borders&quot;:[&quot;BWA&quot;,&quot;MOZ&quot;,&quot;ZAF&quot;,&quot;ZMB&quot;],&quot;nativeName&quot;:&quot;Zimbabwe&quot;,&quot;numericCode&quot;:&quot;716&quot;,&quot;currencies&quot;:[{&quot;code&quot;:&quot;BWP&quot;,&quot;name&quot;:&quot;Botswana pula&quot;,&quot;symbol&quot;:&quot;P&quot;},{&quot;code&quot;:&quot;GBP&quot;,&quot;name&quot;:&quot;British pound&quot;,&quot;symbol&quot;:&quot;Â£&quot;},{&quot;code&quot;:&quot;CNY&quot;,&quot;name&quot;:&quot;Chinese yuan&quot;,&quot;symbol&quot;:&quot;Â¥&quot;},{&quot;code&quot;:&quot;EUR&quot;,&quot;name&quot;:&quot;Euro&quot;,&quot;symbol&quot;:&quot;â‚¬&quot;},{&quot;code&quot;:&quot;INR&quot;,&quot;name&quot;:&quot;Indian rupee&quot;,&quot;symbol&quot;:&quot;â‚¹&quot;},{&quot;code&quot;:&quot;JPY&quot;,&quot;name&quot;:&quot;Japanese yen&quot;,&quot;symbol&quot;:&quot;Â¥&quot;},{&quot;code&quot;:&quot;ZAR&quot;,&quot;name&quot;:&quot;South African rand&quot;,&quot;symbol&quot;:&quot;Rs&quot;},{&quot;code&quot;:&quot;USD&quot;,&quot;name&quot;:&quot;United States dollar&quot;,&quot;symbol&quot;:&quot;$&quot;},{&quot;code&quot;:&quot;(none)&quot;,&quot;name&quot;:null,&quot;symbol&quot;:null}],&quot;languages&quot;:[{&quot;iso639_1&quot;:&quot;en&quot;,&quot;iso639_2&quot;:&quot;eng&quot;,&quot;name&quot;:&quot;English&quot;,&quot;nativeName&quot;:&quot;English&quot;},{&quot;iso639_1&quot;:&quot;sn&quot;,&quot;iso639_2&quot;:&quot;sna&quot;,&quot;name&quot;:&quot;Shona&quot;,&quot;nativeName&quot;:&quot;chiShona&quot;},{&quot;iso639_1&quot;:&quot;nd&quot;,&quot;iso639_2&quot;:&quot;nde&quot;,&quot;name&quot;:&quot;Northern Ndebele&quot;,&quot;nativeName&quot;:&quot;isiNdebele&quot;}],&quot;translations&quot;:{&quot;de&quot;:&quot;Simbabwe&quot;,&quot;es&quot;:&quot;Zimbabue&quot;,&quot;fr&quot;:&quot;Zimbabwe&quot;,&quot;ja&quot;:&quot;ã‚¸ãƒ³ãƒ�ãƒ–ã‚¨&quot;,&quot;it&quot;:&quot;Zimbabwe&quot;,&quot;br&quot;:&quot;Zimbabwe&quot;,&quot;pt&quot;:&quot;ZimbabuÃ©&quot;,&quot;nl&quot;:&quot;Zimbabwe&quot;,&quot;hr&quot;:&quot;Zimbabve&quot;,&quot;fa&quot;:&quot;Ø²ÛŒÙ…Ø¨Ø§ÙˆÙ‡&quot;},&quot;flag&quot;:&quot;https://restcountries.eu/data/zwe.svg&quot;,&quot;regionalBlocs&quot;:[{&quot;acronym&quot;:&quot;AU&quot;,&quot;name&quot;:&quot;African Union&quot;,&quot;otherAcronyms&quot;:[],&quot;otherNames&quot;:[&quot;Ø§Ù„Ø§ØªØ­Ø§Ø¯ Ø§Ù„Ø£Ù�Ø±ÙŠÙ‚ÙŠ&quot;,&quot;Union africaine&quot;,&quot;UniÃ£o Africana&quot;,&quot;UniÃ³n Africana&quot;,&quot;Umoja wa Afrika&quot;]}],&quot;cioc&quot;:&quot;ZIM&quot;}]

17:43:59.919 [pool-1-thread-4] DEBUG com.intuit.karate - response time in milliseconds: 835.61
1 &lt; 200
1 &lt; Connection: keep-alive
1 &lt; Content-Type: application/json; charset=UTF-8
1 &lt; Date: Sat, 30 May 2020 16:43:58 GMT
1 &lt; Server: nginx
1 &lt; Transfer-Encoding: chunked
1 &lt; Vary: [Accept-Encoding, Accept]
1 &lt; Www-Authenticate: Bearer realm=&quot;api&quot;
1 &lt; X-Frame-Options: sameorigin
{&quot;_meta&quot;:{&quot;success&quot;:false,&quot;code&quot;:401,&quot;message&quot;:&quot;Authentication failed.&quot;},&quot;result&quot;:{&quot;name&quot;:&quot;Unauthorized&quot;,&quot;message&quot;:&quot;Your request was made with invalid credentials.&quot;,&quot;code&quot;:0,&quot;status&quot;:401}}

17:44:00.041 [pool-1-thread-3] DEBUG com.intuit.karate - response time in milliseconds: 949.89
1 &lt; 200
1 &lt; Cache-Control: max-age=0, private, must-revalidate
1 &lt; Connection: keep-alive
1 &lt; Content-Type: text/html; charset=utf-8
1 &lt; Date: Sat, 30 May 2020 16:43:59 GMT
1 &lt; ETag: W/&quot;ddf9b9568a895e8a20e1c54c5ac153fe&quot;
1 &lt; Server: nginx/1.14.0 + Phusion Passenger 6.0.2
1 &lt; Set-Cookie: _session_id=e18a421644387558e8dbb5e3ff5c8e9b; path=/; HttpOnly
1 &lt; Status: 200 OK
1 &lt; Transfer-Encoding: chunked
1 &lt; X-Content-Type-Options: nosniff
1 &lt; X-Frame-Options: SAMEORIGIN
1 &lt; X-Powered-By: Phusion Passenger 6.0.2
1 &lt; X-Request-Id: 64ae106a-3dff-4ca9-bc83-ad439b7c6da8
1 &lt; X-Runtime: 0.013574
1 &lt; X-XSS-Protection: 1; mode=block
&lt;!DOCTYPE html&gt;
&lt;html lang=&quot;en&quot; class=&quot;home&quot;&gt;

&lt;head&gt;
  &lt;link rel=&quot;shortcut icon&quot; type=&quot;image/x-icon&quot; href=&quot;/assets/favicon-004e4d66444fe9979601dcb5887fba9f81e1410a930935ad598325f3574cf8bd.ico&quot; /&gt;
  &lt;link rel=&quot;icon&quot; type=&quot;image/x-icon&quot; href=&quot;/assets/favicon-004e4d66444fe9979601dcb5887fba9f81e1410a930935ad598325f3574cf8bd.ico&quot; /&gt;
  &lt;meta charset=&quot;utf-8&quot;&gt;
  &lt;meta http-equiv=&quot;X-UA-Compatible&quot; content=&quot;IE=Edge,chrome=1&quot;&gt;
  &lt;meta name=&quot;viewport&quot; content=&quot;width=device-width, initial-scale=1, maximum-scale=1, user-scalable=0&quot;&gt;
  &lt;title&gt;Mirror&lt;/title&gt;

  &lt;meta name=&quot;csrf-param&quot; content=&quot;authenticity_token&quot; /&gt;
&lt;meta name=&quot;csrf-token&quot; content=&quot;nJ3jDYQC1jG8hqNwzmyNf+V9EIpn74ai2ZuNkXcjTPPm2lOPXa13BD2miUaNF5nGzIVlG9WWU8fLsbsTc+ThdQ==&quot; /&gt;
  &lt;link rel=&quot;stylesheet&quot; media=&quot;all&quot; href=&quot;/assets/application-employee-ca6c6f1aaae9aa3c4b48293a509a1bb901c2db85b1de4585915ec9ec62333d90.css&quot; data-turbolinks-track=&quot;true&quot; /&gt;
  


&lt;/head&gt;

&lt;body&gt;

&lt;div class=&quot;loading-page&quot;&gt;

  &lt;header&gt;

    &lt;div class=&quot;loading-title text-center&quot;&gt;
      &lt;h2 class=&quot;logo&quot;&gt;
        &lt;img src=&quot;/assets/mirror-logo-8674d9b335c504d3a2bc81780a3fbfc06369dc46d13c64f03b372059ca718fd1.png&quot; alt=&quot;Mirror logo&quot; /&gt;
        &lt;small&gt;
          v1.5
        &lt;/small&gt;
      &lt;/h2&gt;
    &lt;/div&gt;

  &lt;/header&gt;

  &lt;div class=&quot;container&quot;&gt;



  &lt;/div&gt;
  &lt;button type=&quot;button&quot; class=&quot;log-btn&quot; name=&quot;button&quot; onClick=&quot;javascript:location.href =&apos;/oauth/login&apos;&quot;&gt;Login&lt;/button&gt;

&lt;/div&gt;

&lt;/body&gt;

&lt;/html&gt;


17:44:00.068 [pool-1-thread-3] WARN  com.intuit.karate - xml parsing failed, response data type set to string: org.xml.sax.SAXParseException; lineNumber: 18; columnNumber: 3; The element type &quot;meta&quot; must be terminated by the matching end-tag &quot;&lt;/meta&gt;&quot;.
17:44:00.117 [pool-1-thread-3] INFO  com.intuit.karate.Runner - &lt;&lt;pass&gt;&gt; feature 3 of 6: src/test/java/examples/mirror.feature
17:44:00.117 [pool-1-thread-2] INFO  com.intuit.karate.Runner - &lt;&lt;pass&gt;&gt; feature 2 of 6: src/test/java/examples/listcountries.feature
---------------------------------------------------------
feature: src/test/java/examples/mirror.feature
report: target\surefire-reports\src.test.java.examples.mirror.json
scenarios:  1 | passed:  1 | failed:  0 | time: 4.2078
---------------------------------------------------------
17:44:00.117 [pool-1-thread-4] INFO  com.intuit.karate.Runner - &lt;&lt;pass&gt;&gt; feature 4 of 6: src/test/java/examples/returnusers.feature
---------------------------------------------------------
feature: src/test/java/examples/returnusers.feature
report: target\surefire-reports\src.test.java.examples.returnusers.json
scenarios:  1 | passed:  1 | failed:  0 | time: 4.0644
---------------------------------------------------------
---------------------------------------------------------
feature: src/test/java/examples/listcountries.feature
report: target\surefire-reports\src.test.java.examples.listcountries.json
scenarios:  1 | passed:  1 | failed:  0 | time: 4.0752
---------------------------------------------------------
17:44:03.194 [ForkJoinPool-1-worker-16698] ERROR com.intuit.karate - org.apache.http.conn.HttpHostConnectException: Connect to localhost:3030 [localhost/127.0.0.1, localhost/0:0:0:0:0:0:0:1] failed: Connection refused: connect, http call failed after 4096 milliseconds for URL: http://localhost:3030/products
17:44:03.194 [ForkJoinPool-1-worker-21519] ERROR com.intuit.karate - org.apache.http.conn.HttpHostConnectException: Connect to localhost:3030 [localhost/127.0.0.1, localhost/0:0:0:0:0:0:0:1] failed: Connection refused: connect, http call failed after 4099 milliseconds for URL: http://localhost:3030/products
17:44:03.194 [ForkJoinPool-1-worker-23126] ERROR com.intuit.karate - org.apache.http.conn.HttpHostConnectException: Connect to localhost:3030 [localhost/127.0.0.1, localhost/0:0:0:0:0:0:0:1] failed: Connection refused: connect, http call failed after 4093 milliseconds for URL: http://localhost:3030/products
17:44:03.208 [ForkJoinPool-1-worker-21519] ERROR com.intuit.karate - http request failed: 
org.apache.http.conn.HttpHostConnectException: Connect to localhost:3030 [localhost/127.0.0.1, localhost/0:0:0:0:0:0:0:1] failed: Connection refused: connect
17:44:03.208 [ForkJoinPool-1-worker-23126] ERROR com.intuit.karate - http request failed: 
org.apache.http.conn.HttpHostConnectException: Connect to localhost:3030 [localhost/127.0.0.1, localhost/0:0:0:0:0:0:0:1] failed: Connection refused: connect
17:44:03.208 [ForkJoinPool-1-worker-16698] ERROR com.intuit.karate - http request failed: 
org.apache.http.conn.HttpHostConnectException: Connect to localhost:3030 [localhost/127.0.0.1, localhost/0:0:0:0:0:0:0:1] failed: Connection refused: connect
17:44:03.275 [pool-1-thread-1] INFO  com.intuit.karate.Runner - &lt;&lt;fail&gt;&gt; feature 1 of 6: src/test/java/examples/createproducts.feature
---------------------------------------------------------
feature: src/test/java/examples/createproducts.feature
report: target\surefire-reports\src.test.java.examples.createproducts.json
scenarios:  3 | passed:  0 | failed:  3 | time: 21.6579
---------------------------------------------------------
17:44:29.500 [ForkJoinPool-1-worker-26340] ERROR com.intuit.karate - java.net.SocketTimeoutException: Read timed out, http call failed after 30406 milliseconds for URL: https://jsonplaceholder.typicode.com/users
17:44:29.500 [ForkJoinPool-1-worker-31161] ERROR com.intuit.karate - java.net.SocketTimeoutException: Read timed out, http call failed after 30404 milliseconds for URL: https://jsonplaceholder.typicode.com/users
17:44:29.501 [ForkJoinPool-1-worker-26340] ERROR com.intuit.karate - http request failed: 
java.net.SocketTimeoutException: Read timed out
17:44:29.501 [ForkJoinPool-1-worker-31161] ERROR com.intuit.karate - http request failed: 
java.net.SocketTimeoutException: Read timed out
17:44:29.508 [pool-1-thread-5] INFO  com.intuit.karate.Runner - &lt;&lt;fail&gt;&gt; feature 5 of 6: src/test/java/examples/users/users.feature
---------------------------------------------------------
feature: src/test/java/examples/users/users.feature
report: target\surefire-reports\src.test.java.examples.users.users.json
scenarios:  2 | passed:  1 | failed:  1 | time: 37.4799
---------------------------------------------------------
17:44:29.672 [ForkJoinPool-1-worker-29554] ERROR com.intuit.karate - java.net.SocketTimeoutException: Read timed out, http call failed after 30029 milliseconds for URL: https://jsonplaceholder.typicode.com/users/1
17:44:29.673 [ForkJoinPool-1-worker-29554] ERROR com.intuit.karate - http request failed: 
java.net.SocketTimeoutException: Read timed out
17:44:29.684 [pool-1-thread-6] INFO  com.intuit.karate.Runner - &lt;&lt;fail&gt;&gt; feature 6 of 6: src/test/java/examples/users/users.feature
---------------------------------------------------------
feature: src/test/java/examples/users/users.feature
report: target\surefire-reports\src.test.java.examples.users.users.json
scenarios:  2 | passed:  0 | failed:  2 | time: 67.4445
---------------------------------------------------------
Karate version: 0.9.5
======================================================
elapsed:  35.18 | threads: 20000 | thread time: 138.93 
features:     6 | ignored:    0 | efficiency: 0.00
scenarios:   10 | passed:     4 | failed: 6
======================================================
failed features:
src.test.java.examples.createproducts: [1.1:6] createproducts.feature:9 - 
org.apache.http.conn.HttpHostConnectException: Connect to localhost:3030 [localhost/127.0.0.1, localhost/0:0:0:0:0:0:0:1] failed: Connection refused: connect
[1.2:6] createproducts.feature:9 - 
org.apache.http.conn.HttpHostConnectException: Connect to localhost:3030 [localhost/127.0.0.1, localhost/0:0:0:0:0:0:0:1] failed: Connection refused: connect
[1.3:6] createproducts.feature:9 - 
org.apache.http.conn.HttpHostConnectException: Connect to localhost:3030 [localhost/127.0.0.1, localhost/0:0:0:0:0:0:0:1] failed: Connection refused: connect
src.test.java.examples.users.users: users.feature:15 - 
java.net.SocketTimeoutException: Read timed out
users.feature:38 - 
java.net.SocketTimeoutException: Read timed out

</system-out>
    <system-err>[Fatal Error] :18:3: The element type &quot;meta&quot; must be terminated by the matching end-tag &quot;&lt;/meta&gt;&quot;.
</system-err>
  </testcase>
</testsuite>